#
# A fatal error has been detected by the Java Runtime Environment:
#
#  EXCEPTION_ACCESS_VIOLATION (0xc0000005) at pc=0x000000006be42be0, pid=5424, tid=6312
#
# JRE version: Java(TM) SE Runtime Environment (8.0_65-b17) (build 1.8.0_65-b17)
# Java VM: Java HotSpot(TM) 64-Bit Server VM (25.65-b01 mixed mode windows-amd64 compressed oops)
# Problematic frame:
# C  0x000000006be42be0
#
# Failed to write core dump. Minidumps are not enabled by default on client versions of Windows
#
# If you would like to submit a bug report, please visit:
#   http://bugreport.java.com/bugreport/crash.jsp
# The crash happened outside the Java Virtual Machine in native code.
# See problematic frame for where to report the bug.
#

---------------  T H R E A D  ---------------

Current thread (0x00000000017c7000):  JavaThread "Finalizer" daemon [_thread_in_native, id=6312, stack(0x0000000017730000,0x0000000017830000)]

siginfo: ExceptionCode=0xc0000005, ExceptionInformation=0x0000000000000008 0x000000006be42be0

Registers:
RAX=0x000000006be42be0, RBX=0x000000001b7c3e08, RCX=0x00000000017c71f8, RDX=0x000000001782ec88
RSP=0x000000001782ebe8, RBP=0x000000001782ec68, RSI=0x0000000011000030, RDI=0x0000000000042fa0
R8 =0x0000000000000001, R9 =0x00000000a1fc8428, R10=0x000000000341690b, R11=0x0000000051329450
R12=0x0000000000000000, R13=0x000000001b7c3e08, R14=0x000000001782ec88, R15=0x00000000017c7000
RIP=0x000000006be42be0, EFLAGS=0x0000000000010206

Top of Stack: (sp=0x000000001782ebe8)
0x000000001782ebe8:   0000000003416937 0000000000000000
0x000000001782ebf8:   0000000015d03c40 0000000000000000
0x000000001782ec08:   000000001782ec20 000000001782ec78
0x000000001782ec18:   0000000000000000 00000000a1fc8428
0x000000001782ec28:   000000001782ec18 0000000000000000
0x000000001782ec38:   000000001782ec88 000000001b7ef400
0x000000001782ec48:   0000000000000000 000000001b7c3e08
0x000000001782ec58:   0000000000000000 000000001782ec88
0x000000001782ec68:   000000001782ecf0 0000000003407ced
0x000000001782ec78:   0000000000000000 000000000340f978
0x000000001782ec88:   00000000a1fc8428 0000000000000001
0x000000001782ec98:   0000000000000000 0000000000000001
0x000000001782eca8:   00000000a1fc8428 000000001782ec90
0x000000001782ecb8:   000000001b7aebae 000000001782ed28
0x000000001782ecc8:   000000001b7eec10 0000000000000000
0x000000001782ecd8:   000000001b7aec48 000000001782ec88 

Instructions: (pc=0x000000006be42be0)
0x000000006be42bc0:   
[error occurred during error reporting (printing registers, top of stack, instructions near pc), id 0xc0000005]

Register to memory mapping:

RAX=0x000000006be42be0 is an unknown value
RBX={method} {0x000000001b7c3e10} 'free_functions' '()V' in 'org/sqlite/core/NativeDB'
RCX=0x00000000017c71f8 is an unknown value
RDX=0x000000001782ec88 is pointing into the stack for thread: 0x00000000017c7000
RSP=0x000000001782ebe8 is pointing into the stack for thread: 0x00000000017c7000
RBP=0x000000001782ec68 is pointing into the stack for thread: 0x00000000017c7000
RSI=0x0000000011000030 is an unknown value
RDI=0x0000000000042fa0 is an unknown value
R8 =0x0000000000000001 is an unknown value
R9 =0x00000000a1fc8428 is an oop
org.sqlite.core.NativeDB 
 - klass: 'org/sqlite/core/NativeDB'
R10=0x000000000341690b is at code_begin+1227 in an Interpreter codelet
method entry point (kind = native_synchronized)  [0x0000000003416440, 0x0000000003416f20]  2784 bytes
R11=0x0000000051329450 is an unknown value
R12=0x0000000000000000 is an unknown value
R13={method} {0x000000001b7c3e10} 'free_functions' '()V' in 'org/sqlite/core/NativeDB'
R14=0x000000001782ec88 is pointing into the stack for thread: 0x00000000017c7000
R15=0x00000000017c7000 is a thread


Stack: [0x0000000017730000,0x0000000017830000],  sp=0x000000001782ebe8,  free space=1018k
Native frames: (J=compiled Java code, j=interpreted, Vv=VM code, C=native code)
C  0x000000006be42be0

Java frames: (J=compiled Java code, j=interpreted, Vv=VM code)
j  org.sqlite.core.NativeDB.free_functions()V+0
j  org.sqlite.core.DB.close()V+102
j  org.sqlite.core.CoreConnection.close()V+26
j  org.sqlite.core.CoreConnection.finalize()V+1
j  java.lang.System$2.invokeFinalize(Ljava/lang/Object;)V+1
j  java.lang.ref.Finalizer.runFinalizer(Lsun/misc/JavaLangAccess;)V+46
j  java.lang.ref.Finalizer.access$100(Ljava/lang/ref/Finalizer;Lsun/misc/JavaLangAccess;)V+2
j  java.lang.ref.Finalizer$FinalizerThread.run()V+45
v  ~StubRoutines::call_stub

---------------  P R O C E S S  ---------------

Java Threads: ( => current thread )
  0x000000001aa79000 JavaThread "TC Event Thread" daemon [_thread_blocked, id=3628, stack(0x000000001b960000,0x000000001ba60000)]
  0x00000000016d2800 JavaThread "DestroyJavaVM" [_thread_blocked, id=4864, stack(0x00000000015d0000,0x00000000016d0000)]
  0x00000000180c4800 JavaThread "AWT-EventQueue-0" [_thread_blocked, id=32, stack(0x0000000018960000,0x0000000018a60000)]
  0x00000000180c2000 JavaThread "AWT-Shutdown" [_thread_blocked, id=7704, stack(0x00000000186a0000,0x00000000187a0000)]
  0x00000000180c1800 JavaThread "Java2D Disposer" daemon [_thread_blocked, id=7864, stack(0x0000000018530000,0x0000000018630000)]
  0x0000000017d3f000 JavaThread "Service Thread" daemon [_thread_blocked, id=8220, stack(0x0000000018230000,0x0000000018330000)]
  0x0000000017d38800 JavaThread "C1 CompilerThread2" daemon [_thread_blocked, id=7748, stack(0x0000000018130000,0x0000000018230000)]
  0x0000000016511800 JavaThread "C2 CompilerThread1" daemon [_thread_blocked, id=5984, stack(0x0000000017c30000,0x0000000017d30000)]
  0x00000000164bd800 JavaThread "C2 CompilerThread0" daemon [_thread_blocked, id=8240, stack(0x0000000017b30000,0x0000000017c30000)]
  0x00000000164bb000 JavaThread "Attach Listener" daemon [_thread_blocked, id=3528, stack(0x0000000017a30000,0x0000000017b30000)]
  0x00000000164ba000 JavaThread "Signal Dispatcher" daemon [_thread_blocked, id=7256, stack(0x0000000017930000,0x0000000017a30000)]
=>0x00000000017c7000 JavaThread "Finalizer" daemon [_thread_in_native, id=6312, stack(0x0000000017730000,0x0000000017830000)]
  0x00000000017be800 JavaThread "Reference Handler" daemon [_thread_blocked, id=6864, stack(0x0000000017630000,0x0000000017730000)]

Other Threads:
  0x0000000016486800 VMThread [stack: 0x0000000017530000,0x0000000017630000] [id=7968]
  0x0000000017d4a800 WatcherThread [stack: 0x0000000018330000,0x0000000018430000] [id=7672]

VM state:not at safepoint (normal execution)

VM Mutex/Monitor currently owned by a thread: None

Heap:
 PSYoungGen      total 28672K, used 5314K [0x00000000e0980000, 0x00000000e2980000, 0x0000000100000000)
  eden space 24576K, 5% used [0x00000000e0980000,0x00000000e0ab33c8,0x00000000e2180000)
  from space 4096K, 99% used [0x00000000e2180000,0x00000000e257d538,0x00000000e2580000)
  to   space 4096K, 0% used [0x00000000e2580000,0x00000000e2580000,0x00000000e2980000)
 ParOldGen       total 65536K, used 4440K [0x00000000a1c00000, 0x00000000a5c00000, 0x00000000e0980000)
  object space 65536K, 6% used [0x00000000a1c00000,0x00000000a20562d8,0x00000000a5c00000)
 Metaspace       used 11289K, capacity 11526K, committed 11648K, reserved 1058816K
  class space    used 1262K, capacity 1344K, committed 1408K, reserved 1048576K

Card table byte_map: [0x0000000001b90000,0x0000000001e90000] byte_map_base: 0x0000000001682000

Marking Bits: (ParMarkBitMap*) 0x000000005190a5b0
 Begin Bits: [0x0000000012900000, 0x0000000014090000)
 End Bits:   [0x0000000014090000, 0x0000000015820000)

Polling page: 0x00000000010d0000

CodeCache: size=245760Kb used=3787Kb max_used=3787Kb free=241972Kb
 bounds [0x0000000003400000, 0x00000000037c0000, 0x0000000012400000]
 total_blobs=1353 nmethods=871 adapters=394
 compilation: enabled

Compilation events (10 events):
Event: 22.111 Thread 0x0000000017d38800 nmethod 857 0x00000000037ae950 code [0x00000000037aeae0, 0x00000000037aef08]
Event: 22.111 Thread 0x0000000017d38800  858       3       java.util.concurrent.locks.AbstractQueuedSynchronizer$Node::<init> (15 bytes)
Event: 22.112 Thread 0x0000000017d38800 nmethod 858 0x00000000037ae590 code [0x00000000037ae6e0, 0x00000000037ae8b0]
Event: 22.112 Thread 0x0000000017d38800  859   !   3       java.util.concurrent.locks.AbstractQueuedSynchronizer::fullyRelease (54 bytes)
Event: 22.113 Thread 0x0000000017d38800 nmethod 859 0x00000000037adb10 code [0x00000000037adcc0, 0x00000000037ae2a8]
Event: 22.534 Thread 0x0000000017d38800  860       3       sun.misc.VM::addFinalRefCount (24 bytes)
Event: 22.535 Thread 0x0000000017d38800 nmethod 860 0x00000000037ad790 code [0x00000000037ad8e0, 0x00000000037ada90]
Event: 22.535 Thread 0x0000000017d38800  861       3       java.lang.ref.Reference::access$100 (4 bytes)
Event: 22.536 Thread 0x0000000017d38800 nmethod 861 0x00000000037ad490 code [0x00000000037ad5e0, 0x00000000037ad710]
Event: 22.536 Thread 0x0000000017d38800  862   !   3       java.lang.ref.ReferenceQueue::enqueue (119 bytes)

GC Heap History (2 events):
Event: 22.516 GC heap before
{Heap before GC invocations=1 (full 0):
 PSYoungGen      total 28672K, used 24576K [0x00000000e0980000, 0x00000000e2980000, 0x0000000100000000)
  eden space 24576K, 100% used [0x00000000e0980000,0x00000000e2180000,0x00000000e2180000)
  from space 4096K, 0% used [0x00000000e2580000,0x00000000e2580000,0x00000000e2980000)
  to   space 4096K, 0% used [0x00000000e2180000,0x00000000e2180000,0x00000000e2580000)
 ParOldGen       total 65536K, used 0K [0x00000000a1c00000, 0x00000000a5c00000, 0x00000000e0980000)
  object space 65536K, 0% used [0x00000000a1c00000,0x00000000a1c00000,0x00000000a5c00000)
 Metaspace       used 11283K, capacity 11526K, committed 11648K, reserved 1058816K
  class space    used 1262K, capacity 1344K, committed 1408K, reserved 1048576K
Event: 22.531 GC heap after
Heap after GC invocations=1 (full 0):
 PSYoungGen      total 28672K, used 4085K [0x00000000e0980000, 0x00000000e2980000, 0x0000000100000000)
  eden space 24576K, 0% used [0x00000000e0980000,0x00000000e0980000,0x00000000e2180000)
  from space 4096K, 99% used [0x00000000e2180000,0x00000000e257d538,0x00000000e2580000)
  to   space 4096K, 0% used [0x00000000e2580000,0x00000000e2580000,0x00000000e2980000)
 ParOldGen       total 65536K, used 4440K [0x00000000a1c00000, 0x00000000a5c00000, 0x00000000e0980000)
  object space 65536K, 6% used [0x00000000a1c00000,0x00000000a20562d8,0x00000000a5c00000)
 Metaspace       used 11283K, capacity 11526K, committed 11648K, reserved 1058816K
  class space    used 1262K, capacity 1344K, committed 1408K, reserved 1048576K
}

Deoptimization events (5 events):
Event: 1.111 Thread 0x00000000016d2800 Uncommon trap: reason=unstable_if action=reinterpret pc=0x00000000035c79e8 method=java.lang.String.indexOf([CII[CIII)I @ 134
Event: 1.991 Thread 0x000000001aa79000 Uncommon trap: reason=unstable_if action=reinterpret pc=0x0000000003685684 method=org.sqlite.SQLiteJDBCLoader.contentsEquals(Ljava/io/InputStream;Ljava/io/InputStream;)Z @ 39
Event: 2.099 Thread 0x000000001aa79000 Uncommon trap: reason=unstable_if action=reinterpret pc=0x00000000035cb9a8 method=java.lang.String.startsWith(Ljava/lang/String;I)Z @ 25
Event: 7.213 Thread 0x000000001aa79000 Uncommon trap: reason=unstable_if action=reinterpret pc=0x00000000036ee868 method=totalcross.ui.gfx.Graphics.drawText(Ljava/lang/String;III)V @ 1239
Event: 7.217 Thread 0x000000001aa79000 Uncommon trap: reason=unstable_if action=reinterpret pc=0x00000000036e975c method=totalcross.ui.gfx.Graphics.drawText(Ljava/lang/String;III)V @ 1239

Internal exceptions (10 events):
Event: 6.036 Thread 0x0000000019aea000 Exception <a 'java/lang/InterruptedException': sleep interrupted> (0x00000000e1d4fc50) thrown at [C:\workspace\8-2-build-windows-amd64-cygwin\jdk8u65\4987\hotspot\src\share\vm\prims\jvm.cpp, line 3215]
Event: 6.387 Thread 0x0000000019aea000 Exception <a 'java/lang/InterruptedException': sleep interrupted> (0x00000000e1d4ff00) thrown at [C:\workspace\8-2-build-windows-amd64-cygwin\jdk8u65\4987\hotspot\src\share\vm\prims\jvm.cpp, line 3215]
Event: 6.737 Thread 0x0000000019aea000 Exception <a 'java/lang/InterruptedException': sleep interrupted> (0x00000000e1d501b0) thrown at [C:\workspace\8-2-build-windows-amd64-cygwin\jdk8u65\4987\hotspot\src\share\vm\prims\jvm.cpp, line 3215]
Event: 7.087 Thread 0x0000000019aea000 Exception <a 'java/lang/InterruptedException': sleep interrupted> (0x00000000e1d50460) thrown at [C:\workspace\8-2-build-windows-amd64-cygwin\jdk8u65\4987\hotspot\src\share\vm\prims\jvm.cpp, line 3215]
Event: 7.116 Thread 0x0000000019aea000 Exception <a 'java/lang/InterruptedException': sleep interrupted> (0x00000000e1d506b8) thrown at [C:\workspace\8-2-build-windows-amd64-cygwin\jdk8u65\4987\hotspot\src\share\vm\prims\jvm.cpp, line 3215]
Event: 7.127 Thread 0x0000000019aea000 Exception <a 'java/lang/InterruptedException': sleep interrupted> (0x00000000e1d50968) thrown at [C:\workspace\8-2-build-windows-amd64-cygwin\jdk8u65\4987\hotspot\src\share\vm\prims\jvm.cpp, line 3215]
Event: 22.408 Thread 0x000000001aa79000 Exception <a 'java/io/FileNotFoundException'> (0x00000000e2094208) thrown at [C:\workspace\8-2-build-windows-amd64-cygwin\jdk8u65\4987\hotspot\src\share\vm\prims\jni.cpp, line 709]
Event: 22.409 Thread 0x000000001aa79000 Exception <a 'java/io/FileNotFoundException'> (0x00000000e2094e98) thrown at [C:\workspace\8-2-build-windows-amd64-cygwin\jdk8u65\4987\hotspot\src\share\vm\prims\jni.cpp, line 709]
Event: 22.409 Thread 0x000000001aa79000 Exception <a 'java/io/FileNotFoundException'> (0x00000000e2095e58) thrown at [C:\workspace\8-2-build-windows-amd64-cygwin\jdk8u65\4987\hotspot\src\share\vm\prims\jni.cpp, line 709]
Event: 22.410 Thread 0x0000000019aea000 Exception <a 'java/lang/InterruptedException': sleep interrupted> (0x00000000e1d70b40) thrown at [C:\workspace\8-2-build-windows-amd64-cygwin\jdk8u65\4987\hotspot\src\share\vm\prims\jvm.cpp, line 3215]

Events (10 events):
Event: 22.538 Executing VM operation: RevokeBias
Event: 22.538 Executing VM operation: RevokeBias done
Event: 22.538 Executing VM operation: RevokeBias
Event: 22.538 Executing VM operation: RevokeBias done
Event: 22.538 Executing VM operation: RevokeBias
Event: 22.538 Executing VM operation: RevokeBias done
Event: 22.538 Executing VM operation: RevokeBias
Event: 22.538 Executing VM operation: RevokeBias done
Event: 22.538 Executing VM operation: RevokeBias
Event: 22.538 Executing VM operation: RevokeBias done


Dynamic libraries:
0x00007ff74b200000 - 0x00007ff74b237000 	C:\Program Files\Java\jre1.8.0_65\bin\javaw.exe
0x00007ffb26b40000 - 0x00007ffb26d01000 	C:\WINDOWS\SYSTEM32\ntdll.dll
0x00007ffb26a10000 - 0x00007ffb26abd000 	C:\WINDOWS\system32\KERNEL32.DLL
0x00007ffb24030000 - 0x00007ffb2420d000 	C:\WINDOWS\system32\KERNELBASE.dll
0x00007ffb24fe0000 - 0x00007ffb25086000 	C:\WINDOWS\system32\ADVAPI32.dll
0x00007ffb24810000 - 0x00007ffb248ad000 	C:\WINDOWS\system32\msvcrt.dll
0x00007ffb24a80000 - 0x00007ffb24adb000 	C:\WINDOWS\system32\sechost.dll
0x00007ffb242a0000 - 0x00007ffb243c6000 	C:\WINDOWS\system32\RPCRT4.dll
0x00007ffb246c0000 - 0x00007ffb2480e000 	C:\WINDOWS\system32\USER32.dll
0x00007ffb24530000 - 0x00007ffb246b6000 	C:\WINDOWS\system32\GDI32.dll
0x00007ffb1a890000 - 0x00007ffb1ab04000 	C:\WINDOWS\WinSxS\amd64_microsoft.windows.common-controls_6595b64144ccf1df_6.0.10240.16384_none_f41f7b285750ef43\COMCTL32.dll
0x00007ffb265d0000 - 0x00007ffb26606000 	C:\WINDOWS\system32\IMM32.DLL
0x00007ffb243d0000 - 0x00007ffb2452c000 	C:\WINDOWS\system32\MSCTF.dll
0x0000000051020000 - 0x00000000510f2000 	C:\Program Files\Java\jre1.8.0_65\bin\msvcr100.dll
0x0000000051100000 - 0x0000000051989000 	C:\Program Files\Java\jre1.8.0_65\bin\server\jvm.dll
0x00007ffb24210000 - 0x00007ffb24218000 	C:\WINDOWS\system32\PSAPI.DLL
0x00007ffb20940000 - 0x00007ffb20949000 	C:\WINDOWS\SYSTEM32\WSOCK32.dll
0x00007ffb24f70000 - 0x00007ffb24fd9000 	C:\WINDOWS\system32\WS2_32.dll
0x00007ffb21d60000 - 0x00007ffb21d83000 	C:\WINDOWS\SYSTEM32\WINMM.dll
0x00007ffb24220000 - 0x00007ffb24228000 	C:\WINDOWS\system32\NSI.dll
0x00007ffb22320000 - 0x00007ffb2232a000 	C:\WINDOWS\SYSTEM32\VERSION.dll
0x00007ffb21d30000 - 0x00007ffb21d5c000 	C:\WINDOWS\SYSTEM32\WINMMBASE.dll
0x00007ffb23fe0000 - 0x00007ffb24024000 	C:\WINDOWS\system32\cfgmgr32.dll
0x00007ffb21fd0000 - 0x00007ffb21ff7000 	C:\WINDOWS\SYSTEM32\DEVOBJ.dll
0x0000000052230000 - 0x000000005223f000 	C:\Program Files\Java\jre1.8.0_65\bin\verify.dll
0x0000000052200000 - 0x0000000052229000 	C:\Program Files\Java\jre1.8.0_65\bin\java.dll
0x00000000521e0000 - 0x00000000521f6000 	C:\Program Files\Java\jre1.8.0_65\bin\zip.dll
0x00007ffb25090000 - 0x00007ffb265b2000 	C:\WINDOWS\system32\SHELL32.dll
0x00007ffb238f0000 - 0x00007ffb23f18000 	C:\WINDOWS\system32\windows.storage.dll
0x00007ffb24ae0000 - 0x00007ffb24d5c000 	C:\WINDOWS\system32\combase.dll
0x00007ffb24970000 - 0x00007ffb249c1000 	C:\WINDOWS\system32\shlwapi.dll
0x00007ffb23590000 - 0x00007ffb2359f000 	C:\WINDOWS\system32\kernel.appcore.dll
0x00007ffb23f20000 - 0x00007ffb23fd3000 	C:\WINDOWS\system32\shcore.dll
0x00007ffb235a0000 - 0x00007ffb235ea000 	C:\WINDOWS\system32\powrprof.dll
0x00007ffb235f0000 - 0x00007ffb23603000 	C:\WINDOWS\system32\profapi.dll
0x0000000050e80000 - 0x0000000051018000 	C:\Program Files\Java\jre1.8.0_65\bin\awt.dll
0x00007ffb248b0000 - 0x00007ffb2496e000 	C:\WINDOWS\system32\OLEAUT32.dll
0x00007ffb21e90000 - 0x00007ffb21f08000 	C:\WINDOWS\system32\apphelp.dll
0x00007ffb20450000 - 0x00007ffb20472000 	C:\WINDOWS\system32\DWMAPI.DLL
0x00007ffb21f30000 - 0x00007ffb21fc6000 	C:\WINDOWS\system32\uxtheme.dll
0x00007ffb26610000 - 0x00007ffb26751000 	C:\WINDOWS\system32\ole32.dll
0x00007ffb23390000 - 0x00007ffb233fb000 	C:\WINDOWS\SYSTEM32\bcryptPrimitives.dll
0x0000000052100000 - 0x0000000052147000 	C:\Program Files\Java\jre1.8.0_65\bin\fontmanager.dll
0x00007ffb0c840000 - 0x00007ffb0c8db000 	C:\WINDOWS\system32\RICHED20.DLL
0x00007ffb0da00000 - 0x00007ffb0da18000 	C:\WINDOWS\SYSTEM32\USP10.dll
0x00007ffb0be60000 - 0x00007ffb0be98000 	C:\WINDOWS\SYSTEM32\msls31.dll
0x00007ffb22de0000 - 0x00007ffb22df7000 	C:\WINDOWS\SYSTEM32\cryptsp.dll
0x00007ffb234a0000 - 0x00007ffb234c8000 	C:\WINDOWS\SYSTEM32\bcrypt.dll
0x00007ffb22a30000 - 0x00007ffb22a63000 	C:\WINDOWS\system32\rsaenh.dll
0x00007ffb22f50000 - 0x00007ffb22f5b000 	C:\WINDOWS\SYSTEM32\CRYPTBASE.dll
0x00007ffb249d0000 - 0x00007ffb24a75000 	C:\WINDOWS\system32\clbcatq.dll
0x00007ffb12f00000 - 0x00007ffb12f46000 	C:\WINDOWS\system32\dataexchange.dll
0x00007ffb1b850000 - 0x00007ffb1bd95000 	C:\WINDOWS\system32\d2d1.dll
0x00007ffb1f850000 - 0x00007ffb1faf3000 	C:\WINDOWS\system32\d3d11.dll
0x00007ffb1f7b0000 - 0x00007ffb1f84c000 	C:\WINDOWS\system32\dxgi.dll
0x00007ffb21a50000 - 0x00007ffb21b21000 	C:\WINDOWS\system32\dcomp.dll
0x00007ffb21430000 - 0x00007ffb2151e000 	C:\WINDOWS\system32\twinapi.appcore.dll
0x00007ffb22c10000 - 0x00007ffb22c2f000 	C:\WINDOWS\system32\USERENV.dll
0x00000000521c0000 - 0x00000000521da000 	C:\Program Files\Java\jre1.8.0_65\bin\net.dll
0x0000000180000000 - 0x000000018006d000 	C:\Windows\system32\LavasoftTcpService64.dll
0x00007ffb22d80000 - 0x00007ffb22ddd000 	C:\WINDOWS\SYSTEM32\MSWSOCK.dll
0x00007ffb22330000 - 0x00007ffb22368000 	C:\WINDOWS\SYSTEM32\IPHLPAPI.DLL
0x00007ffb22310000 - 0x00007ffb2231b000 	C:\WINDOWS\SYSTEM32\WINNSI.DLL
0x00007ffb23130000 - 0x00007ffb2315c000 	C:\WINDOWS\SYSTEM32\SspiCli.dll
0x00007ffb22b20000 - 0x00007ffb22bc8000 	C:\WINDOWS\SYSTEM32\DNSAPI.dll
0x00007ffb196c0000 - 0x00007ffb196ca000 	C:\Windows\System32\rasadhlp.dll
0x00007ffb1a3a0000 - 0x00007ffb1a408000 	C:\WINDOWS\System32\fwpuclnt.dll
0x00007ffb1a380000 - 0x00007ffb1a396000 	C:\WINDOWS\SYSTEM32\dhcpcsvc6.DLL
0x00007ffb1a360000 - 0x00007ffb1a37a000 	C:\WINDOWS\SYSTEM32\dhcpcsvc.DLL
0x00000000521a0000 - 0x00000000521b1000 	C:\Program Files\Java\jre1.8.0_65\bin\nio.dll
0x00007ffb06320000 - 0x00007ffb064aa000 	C:\WINDOWS\SYSTEM32\dbghelp.dll

VM Arguments:
jvm_args: -Dfile.encoding=Cp1252 
java_command: totalcross.Launcher /scr android /r 5443535427A04F185BE3C545 app.ui.App
java_class_path (initial): C:\Users\Anderson Gomes\workspace\app\bin;C:\TotalCross3\dist\tc.jar
Launcher Type: SUN_STANDARD

Environment Variables:
JAVA_HOME=C:\Program Files\Java\jdk1.8.0_45
CLASSPATH=;C:\Program Files\Java\jdk1.8.0_45\lib;C:\Program Files\Java\jdk1.8.0_45\lib\tools.jar;C:\Program Files\Java\jdk1.8.0_45\lib\dt.jar;C:\Program Files\Java\jdk1.8.0_45\lib\htmlconverter.jar;C:\Program Files\Java\jdk1.8.0_45\jre\lib;C:\Program Files\Java\jdk1.8.0_45\jre\lib\rt.jar;
PATH=C:/Program Files/Java/jre1.8.0_65/bin/server;C:/Program Files/Java/jre1.8.0_65/bin;C:/Program Files/Java/jre1.8.0_65/lib/amd64;C:\ProgramData\Oracle\Java\javapath;C:\Program Files (x86)\Intel\iCLS Client\;C:\Program Files\Intel\iCLS Client\;C:\Windows\system32;C:\Windows;C:\Windows\System32\Wbem;C:\Windows\System32\WindowsPowerShell\v1.0\;C:\Program Files\Intel\Intel(R) Management Engine Components\DAL;C:\Program Files\Intel\Intel(R) Management Engine Components\IPT;C:\Program Files (x86)\Intel\Intel(R) Management Engine Components\DAL;C:\Program Files (x86)\Intel\Intel(R) Management Engine Components\IPT;C:\Program Files\Java\jdk1.8.0_45\bin;C:\Program Files (x86)\NVIDIA Corporation\PhysX\Common;C:\WINDOWS\system32;C:\WINDOWS;C:\WINDOWS\System32\Wbem;C:\WINDOWS\System32\WindowsPowerShell\v1.0\;C:\AppServ\Apache2.2\bin;C:\AppServ\php5;C:\AppServ\MySQL\bin;C:\WINDOWS\system32\config\systemprofile\.dnx\bin;C:\Program Files\Microsoft DNX\Dnvm\;C:\Program Files (x86)\Windows Kits\8.1\Windows Performance Toolkit\;c:\TotalCross3\dist\vm\win32;C:\Program Files\eclipse;
USERNAME=Anderson Gomes
OS=Windows_NT
PROCESSOR_IDENTIFIER=Intel64 Family 6 Model 69 Stepping 1, GenuineIntel



---------------  S Y S T E M  ---------------

OS: Windows 10.0 , 64 bit Build 10240 (10.0.10240.16384)

CPU:total 4 (2 cores per cpu, 2 threads per core) family 6 model 69 stepping 1, cmov, cx8, fxsr, mmx, sse, sse2, sse3, ssse3, sse4.1, sse4.2, popcnt, avx, avx2, aes, clmul, erms, lzcnt, ht, tsc, tscinvbit, bmi1, bmi2

Memory: 4k page, physical 6172092k(2946400k free), swap 7155132k(2575536k free)

vm_info: Java HotSpot(TM) 64-Bit Server VM (25.65-b01) for windows-amd64 JRE (1.8.0_65-b17), built on Oct  6 2015 16:39:20 by "java_re" with MS VC++ 10.0 (VS2010)

time: Wed Oct 28 21:28:13 2015
elapsed time: 22 seconds (0d 0h 0m 22s)

