#
# A fatal error has been detected by the Java Runtime Environment:
#
#  EXCEPTION_ACCESS_VIOLATION (0xc0000005) at pc=0x000000006be42be0, pid=5248, tid=4776
#
# JRE version: Java(TM) SE Runtime Environment (8.0_65-b17) (build 1.8.0_65-b17)
# Java VM: Java HotSpot(TM) 64-Bit Server VM (25.65-b01 mixed mode windows-amd64 compressed oops)
# Problematic frame:
# C  0x000000006be42be0
#
# Failed to write core dump. Minidumps are not enabled by default on client versions of Windows
#
# If you would like to submit a bug report, please visit:
#   http://bugreport.java.com/bugreport/crash.jsp
# The crash happened outside the Java Virtual Machine in native code.
# See problematic frame for where to report the bug.
#

---------------  T H R E A D  ---------------

Current thread (0x000000001a747800):  JavaThread "Secondary finalizer" [_thread_in_native, id=4776, stack(0x00000000183c0000,0x00000000184c0000)]

siginfo: ExceptionCode=0xc0000005, ExceptionInformation=0x0000000000000008 0x000000006be42be0

Registers:
RAX=0x000000006be42be0, RBX=0x000000001b4d1eb8, RCX=0x000000001a7479f8, RDX=0x00000000184bf1d0
RSP=0x00000000184bf128, RBP=0x00000000184bf1b0, RSI=0x0000000011000030, RDI=0x000000000005fcc8
R8 =0x0000000000000009, R9 =0x00000000e21da1a8, R10=0x000000000341690b, R11=0x0000000051329450
R12=0x0000000000000000, R13=0x000000001b4d1eb8, R14=0x00000000184bf1d0, R15=0x000000001a747800
RIP=0x000000006be42be0, EFLAGS=0x0000000000010206

Top of Stack: (sp=0x00000000184bf128)
0x00000000184bf128:   0000000003416937 00000000159046f0
0x00000000184bf138:   0000000000000000 0000000015903c40
0x00000000184bf148:   0000000000000000 00000000184bf168
0x00000000184bf158:   00000000184bf1c0 0000000000000000
0x00000000184bf168:   00000000e21da1a8 00000000184bf160
0x00000000184bf178:   0000000000000000 00000000184bf1d0
0x00000000184bf188:   000000001b4fd508 0000000000000000
0x00000000184bf198:   000000001b4d1eb8 0000000000000000
0x00000000184bf1a8:   00000000184bf1d0 00000000184bf238
0x00000000184bf1b8:   0000000003407ced 0000000000000000
0x00000000184bf1c8:   000000000340f978 00000000e21da1a8
0x00000000184bf1d8:   0000000000000009 0000000000000000
0x00000000184bf1e8:   0000000000000009 00000000e21da1a8
0x00000000184bf1f8:   00000000184bf1d8 000000001b4acc5e
0x00000000184bf208:   00000000184bf270 000000001b4fcd18
0x00000000184bf218:   0000000000000000 000000001b4accf8 

Instructions: (pc=0x000000006be42be0)
0x000000006be42bc0:   
[error occurred during error reporting (printing registers, top of stack, instructions near pc), id 0xc0000005]

Register to memory mapping:

RAX=0x000000006be42be0 is an unknown value
RBX={method} {0x000000001b4d1ec0} 'free_functions' '()V' in 'org/sqlite/core/NativeDB'
RCX=0x000000001a7479f8 is an unknown value
RDX=0x00000000184bf1d0 is pointing into the stack for thread: 0x000000001a747800
RSP=0x00000000184bf128 is pointing into the stack for thread: 0x000000001a747800
RBP=0x00000000184bf1b0 is pointing into the stack for thread: 0x000000001a747800
RSI=0x0000000011000030 is an unknown value
RDI=0x000000000005fcc8 is an unknown value
R8 =0x0000000000000009 is an unknown value
R9 =0x00000000e21da1a8 is an oop
org.sqlite.core.NativeDB 
 - klass: 'org/sqlite/core/NativeDB'
R10=0x000000000341690b is at code_begin+1227 in an Interpreter codelet
method entry point (kind = native_synchronized)  [0x0000000003416440, 0x0000000003416f20]  2784 bytes
R11=0x0000000051329450 is an unknown value
R12=0x0000000000000000 is an unknown value
R13={method} {0x000000001b4d1ec0} 'free_functions' '()V' in 'org/sqlite/core/NativeDB'
R14=0x00000000184bf1d0 is pointing into the stack for thread: 0x000000001a747800
R15=0x000000001a747800 is a thread


Stack: [0x00000000183c0000,0x00000000184c0000],  sp=0x00000000184bf128,  free space=1020k
Native frames: (J=compiled Java code, j=interpreted, Vv=VM code, C=native code)
C  0x000000006be42be0

Java frames: (J=compiled Java code, j=interpreted, Vv=VM code)
j  org.sqlite.core.NativeDB.free_functions()V+0
j  org.sqlite.core.DB.close()V+102
j  org.sqlite.core.CoreConnection.close()V+26
j  org.sqlite.core.CoreConnection.finalize()V+1
j  java.lang.System$2.invokeFinalize(Ljava/lang/Object;)V+1
j  java.lang.ref.Finalizer.runFinalizer(Lsun/misc/JavaLangAccess;)V+46
J 884 C1 java.lang.ref.Finalizer.access$100(Ljava/lang/ref/Finalizer;Lsun/misc/JavaLangAccess;)V (6 bytes) @ 0x00000000037b4e1c [0x00000000037b4dc0+0x5c]
j  java.lang.ref.Finalizer$3.run()V+58
j  java.lang.Thread.run()V+11
v  ~StubRoutines::call_stub

---------------  P R O C E S S  ---------------

Java Threads: ( => current thread )
=>0x000000001a747800 JavaThread "Secondary finalizer" [_thread_in_native, id=4776, stack(0x00000000183c0000,0x00000000184c0000)]
  0x000000001a749000 JavaThread "TC Event Thread" daemon [_thread_blocked, id=5220, stack(0x000000001b380000,0x000000001b480000)]
  0x0000000001302800 JavaThread "DestroyJavaVM" [_thread_blocked, id=6152, stack(0x0000000001200000,0x0000000001300000)]
  0x0000000017e14800 JavaThread "AWT-EventQueue-0" [_thread_blocked, id=9064, stack(0x0000000018d80000,0x0000000018e80000)]
  0x0000000017e05800 JavaThread "AWT-Shutdown" [_thread_blocked, id=3116, stack(0x00000000182c0000,0x00000000183c0000)]
  0x0000000017dac800 JavaThread "Java2D Disposer" daemon [_thread_blocked, id=6124, stack(0x00000000181c0000,0x00000000182c0000)]
  0x0000000017a50000 JavaThread "Service Thread" daemon [_thread_blocked, id=7764, stack(0x0000000017e20000,0x0000000017f20000)]
  0x00000000160e1800 JavaThread "C1 CompilerThread2" daemon [_thread_blocked, id=9040, stack(0x0000000017920000,0x0000000017a20000)]
  0x00000000160c1000 JavaThread "C2 CompilerThread1" daemon [_thread_blocked, id=6840, stack(0x0000000017820000,0x0000000017920000)]
  0x00000000160bb000 JavaThread "C2 CompilerThread0" daemon [_thread_blocked, id=8056, stack(0x0000000017720000,0x0000000017820000)]
  0x00000000160c6000 JavaThread "Attach Listener" daemon [_thread_blocked, id=5780, stack(0x0000000017620000,0x0000000017720000)]
  0x00000000160c4800 JavaThread "Signal Dispatcher" daemon [_thread_blocked, id=3536, stack(0x0000000017520000,0x0000000017620000)]
  0x00000000013f7000 JavaThread "Finalizer" daemon [_thread_blocked, id=4952, stack(0x0000000017320000,0x0000000017420000)]
  0x00000000013ee800 JavaThread "Reference Handler" daemon [_thread_blocked, id=8948, stack(0x0000000017220000,0x0000000017320000)]

Other Threads:
  0x0000000016086800 VMThread [stack: 0x0000000017120000,0x0000000017220000] [id=3096]
  0x0000000017a88800 WatcherThread [stack: 0x0000000017f20000,0x0000000018020000] [id=8996]

VM state:not at safepoint (normal execution)

VM Mutex/Monitor currently owned by a thread: None

Heap:
 PSYoungGen      total 28672K, used 7129K [0x00000000e0980000, 0x00000000e2980000, 0x0000000100000000)
  eden space 24576K, 12% used [0x00000000e0980000,0x00000000e0c79f28,0x00000000e2180000)
  from space 4096K, 99% used [0x00000000e2180000,0x00000000e257c5d0,0x00000000e2580000)
  to   space 4096K, 0% used [0x00000000e2580000,0x00000000e2580000,0x00000000e2980000)
 ParOldGen       total 65536K, used 4950K [0x00000000a1c00000, 0x00000000a5c00000, 0x00000000e0980000)
  object space 65536K, 7% used [0x00000000a1c00000,0x00000000a20d5b38,0x00000000a5c00000)
 Metaspace       used 11482K, capacity 11726K, committed 11904K, reserved 1060864K
  class space    used 1266K, capacity 1344K, committed 1408K, reserved 1048576K

Card table byte_map: [0x00000000017c0000,0x0000000001ac0000] byte_map_base: 0x00000000012b2000

Marking Bits: (ParMarkBitMap*) 0x000000005190a5b0
 Begin Bits: [0x0000000012500000, 0x0000000013c90000)
 End Bits:   [0x0000000013c90000, 0x0000000015420000)

Polling page: 0x0000000000e40000

CodeCache: size=245760Kb used=4298Kb max_used=4304Kb free=241461Kb
 bounds [0x0000000003400000, 0x0000000003840000, 0x0000000012400000]
 total_blobs=1493 nmethods=1012 adapters=394
 compilation: enabled

Compilation events (10 events):
Event: 31.204 Thread 0x00000000160e1800 nmethod 1006 0x000000000381d250 code [0x000000000381e100, 0x000000000382b6c8]
Event: 31.689 Thread 0x00000000160e1800 1007       3       totalcross.ui.gfx.Graphics::drawText (1279 bytes)
Event: 31.701 Thread 0x00000000160e1800 nmethod 1007 0x0000000003831010 code [0x00000000038313a0, 0x0000000003834068]
Event: 37.326 Thread 0x00000000160c1000 1008  s    4       java.awt.KeyboardFocusManager::getCurrentKeyboardFocusManager (32 bytes)
Event: 37.332 Thread 0x00000000160c1000 nmethod 1008 0x0000000003816950 code [0x0000000003816ac0, 0x0000000003816e28]
Event: 38.396 Thread 0x00000000160e1800 1009       3       java.io.File::<init> (47 bytes)
Event: 38.397 Thread 0x00000000160e1800 nmethod 1009 0x00000000038162d0 code [0x0000000003816460, 0x00000000038167e8]
Event: 38.505 Thread 0x00000000160e1800 1010       3       java.lang.ref.Finalizer::hasBeenFinalized (14 bytes)
Event: 38.505 Thread 0x00000000160e1800 nmethod 1010 0x0000000003815f50 code [0x00000000038160a0, 0x0000000003816250]
Event: 38.506 Thread 0x00000000160e1800 1011   !   3       java.lang.ref.Finalizer::remove (94 bytes)

GC Heap History (2 events):
Event: 19.894 GC heap before
{Heap before GC invocations=1 (full 0):
 PSYoungGen      total 28672K, used 24576K [0x00000000e0980000, 0x00000000e2980000, 0x0000000100000000)
  eden space 24576K, 100% used [0x00000000e0980000,0x00000000e2180000,0x00000000e2180000)
  from space 4096K, 0% used [0x00000000e2580000,0x00000000e2580000,0x00000000e2980000)
  to   space 4096K, 0% used [0x00000000e2180000,0x00000000e2180000,0x00000000e2580000)
 ParOldGen       total 65536K, used 0K [0x00000000a1c00000, 0x00000000a5c00000, 0x00000000e0980000)
  object space 65536K, 0% used [0x00000000a1c00000,0x00000000a1c00318,0x00000000a5c00000)
 Metaspace       used 11257K, capacity 11462K, committed 11648K, reserved 1058816K
  class space    used 1252K, capacity 1344K, committed 1408K, reserved 1048576K
Event: 19.908 GC heap after
Heap after GC invocations=1 (full 0):
 PSYoungGen      total 28672K, used 4081K [0x00000000e0980000, 0x00000000e2980000, 0x0000000100000000)
  eden space 24576K, 0% used [0x00000000e0980000,0x00000000e0980000,0x00000000e2180000)
  from space 4096K, 99% used [0x00000000e2180000,0x00000000e257c5d0,0x00000000e2580000)
  to   space 4096K, 0% used [0x00000000e2580000,0x00000000e2580000,0x00000000e2980000)
 ParOldGen       total 65536K, used 4950K [0x00000000a1c00000, 0x00000000a5c00000, 0x00000000e0980000)
  object space 65536K, 7% used [0x00000000a1c00000,0x00000000a20d5b38,0x00000000a5c00000)
 Metaspace       used 11257K, capacity 11462K, committed 11648K, reserved 1058816K
  class space    used 1252K, capacity 1344K, committed 1408K, reserved 1048576K
}

Deoptimization events (6 events):
Event: 0.699 Thread 0x0000000001302800 Uncommon trap: reason=null_check action=make_not_entrant pc=0x0000000003575178 method=java.lang.String.equals(Ljava/lang/Object;)Z @ 8
Event: 1.025 Thread 0x0000000001302800 Uncommon trap: reason=unstable_if action=reinterpret pc=0x00000000035c1828 method=java.lang.String.indexOf([CII[CIII)I @ 134
Event: 2.130 Thread 0x000000001a749000 Uncommon trap: reason=unstable_if action=reinterpret pc=0x000000000366de44 method=org.sqlite.SQLiteJDBCLoader.contentsEquals(Ljava/io/InputStream;Ljava/io/InputStream;)Z @ 39
Event: 2.354 Thread 0x000000001a749000 Uncommon trap: reason=unstable_if action=reinterpret pc=0x00000000035c96a8 method=java.lang.String.startsWith(Ljava/lang/String;I)Z @ 25
Event: 30.416 Thread 0x000000001a749000 Uncommon trap: reason=unstable_if action=reinterpret pc=0x00000000036f5718 method=totalcross.ui.gfx.Graphics.drawText(Ljava/lang/String;III)V @ 1239
Event: 30.417 Thread 0x000000001a749000 Uncommon trap: reason=unstable_if action=reinterpret pc=0x00000000037e5948 method=java.security.AccessControlContext.optimize()Ljava/security/AccessControlContext; @ 220

Internal exceptions (10 events):
Event: 28.746 Thread 0x0000000018778800 Exception <a 'java/lang/InterruptedException': sleep interrupted> (0x00000000e0b4a5f0) thrown at [C:\workspace\8-2-build-windows-amd64-cygwin\jdk8u65\4987\hotspot\src\share\vm\prims\jvm.cpp, line 3215]
Event: 29.096 Thread 0x0000000018778800 Exception <a 'java/lang/InterruptedException': sleep interrupted> (0x00000000e0b4a8a0) thrown at [C:\workspace\8-2-build-windows-amd64-cygwin\jdk8u65\4987\hotspot\src\share\vm\prims\jvm.cpp, line 3215]
Event: 29.446 Thread 0x0000000018778800 Exception <a 'java/lang/InterruptedException': sleep interrupted> (0x00000000e0b4ab50) thrown at [C:\workspace\8-2-build-windows-amd64-cygwin\jdk8u65\4987\hotspot\src\share\vm\prims\jvm.cpp, line 3215]
Event: 29.796 Thread 0x0000000018778800 Exception <a 'java/lang/InterruptedException': sleep interrupted> (0x00000000e0b4ae00) thrown at [C:\workspace\8-2-build-windows-amd64-cygwin\jdk8u65\4987\hotspot\src\share\vm\prims\jvm.cpp, line 3215]
Event: 30.064 Thread 0x0000000018778800 Exception <a 'java/lang/InterruptedException': sleep interrupted> (0x00000000e0b4b058) thrown at [C:\workspace\8-2-build-windows-amd64-cygwin\jdk8u65\4987\hotspot\src\share\vm\prims\jvm.cpp, line 3215]
Event: 30.075 Thread 0x0000000018778800 Exception <a 'java/lang/InterruptedException': sleep interrupted> (0x00000000e0b4b308) thrown at [C:\workspace\8-2-build-windows-amd64-cygwin\jdk8u65\4987\hotspot\src\share\vm\prims\jvm.cpp, line 3215]
Event: 38.395 Thread 0x000000001a749000 Exception <a 'java/io/FileNotFoundException'> (0x00000000e0c0bca0) thrown at [C:\workspace\8-2-build-windows-amd64-cygwin\jdk8u65\4987\hotspot\src\share\vm\prims\jni.cpp, line 709]
Event: 38.395 Thread 0x000000001a749000 Exception <a 'java/io/FileNotFoundException'> (0x00000000e0c0c748) thrown at [C:\workspace\8-2-build-windows-amd64-cygwin\jdk8u65\4987\hotspot\src\share\vm\prims\jni.cpp, line 709]
Event: 38.396 Thread 0x000000001a749000 Exception <a 'java/io/FileNotFoundException'> (0x00000000e0c0d520) thrown at [C:\workspace\8-2-build-windows-amd64-cygwin\jdk8u65\4987\hotspot\src\share\vm\prims\jni.cpp, line 709]
Event: 38.397 Thread 0x0000000018778800 Exception <a 'java/lang/InterruptedException': sleep interrupted> (0x00000000e0b5ce90) thrown at [C:\workspace\8-2-build-windows-amd64-cygwin\jdk8u65\4987\hotspot\src\share\vm\prims\jvm.cpp, line 3215]

Events (10 events):
Event: 38.503 Executing VM operation: RevokeBias
Event: 38.503 Executing VM operation: RevokeBias done
Event: 38.503 Executing VM operation: RevokeBias
Event: 38.503 Executing VM operation: RevokeBias done
Event: 38.504 Executing VM operation: RevokeBias
Event: 38.504 Executing VM operation: RevokeBias done
Event: 38.504 Executing VM operation: RevokeBias
Event: 38.504 Executing VM operation: RevokeBias done
Event: 38.505 Executing VM operation: RevokeBias
Event: 38.505 Executing VM operation: RevokeBias done


Dynamic libraries:
0x00007ff74b200000 - 0x00007ff74b237000 	C:\Program Files\Java\jre1.8.0_65\bin\javaw.exe
0x00007ffb26b40000 - 0x00007ffb26d01000 	C:\WINDOWS\SYSTEM32\ntdll.dll
0x00007ffb26a10000 - 0x00007ffb26abd000 	C:\WINDOWS\system32\KERNEL32.DLL
0x00007ffb24030000 - 0x00007ffb2420d000 	C:\WINDOWS\system32\KERNELBASE.dll
0x00007ffb24fe0000 - 0x00007ffb25086000 	C:\WINDOWS\system32\ADVAPI32.dll
0x00007ffb24810000 - 0x00007ffb248ad000 	C:\WINDOWS\system32\msvcrt.dll
0x00007ffb24a80000 - 0x00007ffb24adb000 	C:\WINDOWS\system32\sechost.dll
0x00007ffb242a0000 - 0x00007ffb243c6000 	C:\WINDOWS\system32\RPCRT4.dll
0x00007ffb246c0000 - 0x00007ffb2480e000 	C:\WINDOWS\system32\USER32.dll
0x00007ffb24530000 - 0x00007ffb246b6000 	C:\WINDOWS\system32\GDI32.dll
0x00007ffb1a890000 - 0x00007ffb1ab04000 	C:\WINDOWS\WinSxS\amd64_microsoft.windows.common-controls_6595b64144ccf1df_6.0.10240.16384_none_f41f7b285750ef43\COMCTL32.dll
0x00007ffb265d0000 - 0x00007ffb26606000 	C:\WINDOWS\system32\IMM32.DLL
0x00007ffb243d0000 - 0x00007ffb2452c000 	C:\WINDOWS\system32\MSCTF.dll
0x0000000051020000 - 0x00000000510f2000 	C:\Program Files\Java\jre1.8.0_65\bin\msvcr100.dll
0x0000000051100000 - 0x0000000051989000 	C:\Program Files\Java\jre1.8.0_65\bin\server\jvm.dll
0x00007ffb24210000 - 0x00007ffb24218000 	C:\WINDOWS\system32\PSAPI.DLL
0x00007ffb20940000 - 0x00007ffb20949000 	C:\WINDOWS\SYSTEM32\WSOCK32.dll
0x00007ffb21d60000 - 0x00007ffb21d83000 	C:\WINDOWS\SYSTEM32\WINMM.dll
0x00007ffb22320000 - 0x00007ffb2232a000 	C:\WINDOWS\SYSTEM32\VERSION.dll
0x00007ffb24f70000 - 0x00007ffb24fd9000 	C:\WINDOWS\system32\WS2_32.dll
0x0000000001010000 - 0x000000000103c000 	C:\WINDOWS\SYSTEM32\WINMMBASE.dll
0x00007ffb23fe0000 - 0x00007ffb24024000 	C:\WINDOWS\system32\cfgmgr32.dll
0x00007ffb24220000 - 0x00007ffb24228000 	C:\WINDOWS\system32\NSI.dll
0x00007ffb21fd0000 - 0x00007ffb21ff7000 	C:\WINDOWS\SYSTEM32\DEVOBJ.dll
0x0000000052230000 - 0x000000005223f000 	C:\Program Files\Java\jre1.8.0_65\bin\verify.dll
0x0000000052200000 - 0x0000000052229000 	C:\Program Files\Java\jre1.8.0_65\bin\java.dll
0x00000000521e0000 - 0x00000000521f6000 	C:\Program Files\Java\jre1.8.0_65\bin\zip.dll
0x00007ffb25090000 - 0x00007ffb265b2000 	C:\WINDOWS\system32\SHELL32.dll
0x00007ffb238f0000 - 0x00007ffb23f18000 	C:\WINDOWS\system32\windows.storage.dll
0x00007ffb24ae0000 - 0x00007ffb24d5c000 	C:\WINDOWS\system32\combase.dll
0x00007ffb24970000 - 0x00007ffb249c1000 	C:\WINDOWS\system32\shlwapi.dll
0x00007ffb23590000 - 0x00007ffb2359f000 	C:\WINDOWS\system32\kernel.appcore.dll
0x00007ffb23f20000 - 0x00007ffb23fd3000 	C:\WINDOWS\system32\shcore.dll
0x00007ffb235a0000 - 0x00007ffb235ea000 	C:\WINDOWS\system32\powrprof.dll
0x00007ffb235f0000 - 0x00007ffb23603000 	C:\WINDOWS\system32\profapi.dll
0x0000000050e80000 - 0x0000000051018000 	C:\Program Files\Java\jre1.8.0_65\bin\awt.dll
0x00007ffb248b0000 - 0x00007ffb2496e000 	C:\WINDOWS\system32\OLEAUT32.dll
0x00007ffb21e90000 - 0x00007ffb21f08000 	C:\WINDOWS\system32\apphelp.dll
0x00007ffb20450000 - 0x00007ffb20472000 	C:\WINDOWS\system32\DWMAPI.DLL
0x00007ffb21f30000 - 0x00007ffb21fc6000 	C:\WINDOWS\system32\uxtheme.dll
0x00007ffb26610000 - 0x00007ffb26751000 	C:\WINDOWS\system32\ole32.dll
0x00007ffb23390000 - 0x00007ffb233fb000 	C:\WINDOWS\SYSTEM32\bcryptPrimitives.dll
0x0000000052100000 - 0x0000000052147000 	C:\Program Files\Java\jre1.8.0_65\bin\fontmanager.dll
0x00007ffb0c840000 - 0x00007ffb0c8db000 	C:\WINDOWS\system32\RICHED20.DLL
0x00007ffb0be60000 - 0x00007ffb0be98000 	C:\WINDOWS\SYSTEM32\msls31.dll
0x00007ffb0da00000 - 0x00007ffb0da18000 	C:\WINDOWS\SYSTEM32\USP10.dll
0x00007ffb22de0000 - 0x00007ffb22df7000 	C:\WINDOWS\SYSTEM32\cryptsp.dll
0x00007ffb234a0000 - 0x00007ffb234c8000 	C:\WINDOWS\SYSTEM32\bcrypt.dll
0x00007ffb22a30000 - 0x00007ffb22a63000 	C:\WINDOWS\system32\rsaenh.dll
0x00007ffb22f50000 - 0x00007ffb22f5b000 	C:\WINDOWS\SYSTEM32\CRYPTBASE.dll
0x00007ffb249d0000 - 0x00007ffb24a75000 	C:\WINDOWS\system32\clbcatq.dll
0x00007ffb12f00000 - 0x00007ffb12f46000 	C:\WINDOWS\system32\dataexchange.dll
0x00007ffb21a50000 - 0x00007ffb21b21000 	C:\WINDOWS\system32\dcomp.dll
0x00007ffb1b850000 - 0x00007ffb1bd95000 	C:\WINDOWS\system32\d2d1.dll
0x00007ffb1f850000 - 0x00007ffb1faf3000 	C:\WINDOWS\system32\d3d11.dll
0x00007ffb1f7b0000 - 0x00007ffb1f84c000 	C:\WINDOWS\system32\dxgi.dll
0x00007ffb21430000 - 0x00007ffb2151e000 	C:\WINDOWS\system32\twinapi.appcore.dll
0x00007ffb22c10000 - 0x00007ffb22c2f000 	C:\WINDOWS\system32\USERENV.dll
0x00000000521c0000 - 0x00000000521da000 	C:\Program Files\Java\jre1.8.0_65\bin\net.dll
0x0000000180000000 - 0x000000018006d000 	C:\Windows\system32\LavasoftTcpService64.dll
0x00007ffb22d80000 - 0x00007ffb22ddd000 	C:\WINDOWS\SYSTEM32\MSWSOCK.dll
0x00007ffb22330000 - 0x00007ffb22368000 	C:\WINDOWS\SYSTEM32\IPHLPAPI.DLL
0x00007ffb22310000 - 0x00007ffb2231b000 	C:\WINDOWS\SYSTEM32\WINNSI.DLL
0x00007ffb23130000 - 0x00007ffb2315c000 	C:\WINDOWS\SYSTEM32\SspiCli.dll
0x00007ffb22b20000 - 0x00007ffb22bc8000 	C:\WINDOWS\SYSTEM32\DNSAPI.dll
0x00007ffb196c0000 - 0x00007ffb196ca000 	C:\Windows\System32\rasadhlp.dll
0x00007ffb1a380000 - 0x00007ffb1a396000 	C:\WINDOWS\SYSTEM32\dhcpcsvc6.DLL
0x00007ffb1a360000 - 0x00007ffb1a37a000 	C:\WINDOWS\SYSTEM32\dhcpcsvc.DLL
0x00000000521a0000 - 0x00000000521b1000 	C:\Program Files\Java\jre1.8.0_65\bin\nio.dll
0x00007ffb1a3a0000 - 0x00007ffb1a408000 	C:\WINDOWS\System32\fwpuclnt.dll
0x00007ffb06320000 - 0x00007ffb064aa000 	C:\WINDOWS\SYSTEM32\dbghelp.dll

VM Arguments:
jvm_args: -Dfile.encoding=Cp1252 
java_command: totalcross.Launcher /scr android /r 5443535427A04F185BE3C545 app.ui.App
java_class_path (initial): C:\Users\Anderson Gomes\workspace\app\bin;C:\TotalCross3\dist\tc.jar
Launcher Type: SUN_STANDARD

Environment Variables:
JAVA_HOME=C:\Program Files\Java\jdk1.8.0_45
CLASSPATH=;C:\Program Files\Java\jdk1.8.0_45\lib;C:\Program Files\Java\jdk1.8.0_45\lib\tools.jar;C:\Program Files\Java\jdk1.8.0_45\lib\dt.jar;C:\Program Files\Java\jdk1.8.0_45\lib\htmlconverter.jar;C:\Program Files\Java\jdk1.8.0_45\jre\lib;C:\Program Files\Java\jdk1.8.0_45\jre\lib\rt.jar;
PATH=C:/Program Files/Java/jre1.8.0_65/bin/server;C:/Program Files/Java/jre1.8.0_65/bin;C:/Program Files/Java/jre1.8.0_65/lib/amd64;C:\ProgramData\Oracle\Java\javapath;C:\Program Files (x86)\Intel\iCLS Client\;C:\Program Files\Intel\iCLS Client\;C:\Windows\system32;C:\Windows;C:\Windows\System32\Wbem;C:\Windows\System32\WindowsPowerShell\v1.0\;C:\Program Files\Intel\Intel(R) Management Engine Components\DAL;C:\Program Files\Intel\Intel(R) Management Engine Components\IPT;C:\Program Files (x86)\Intel\Intel(R) Management Engine Components\DAL;C:\Program Files (x86)\Intel\Intel(R) Management Engine Components\IPT;C:\Program Files\Java\jdk1.8.0_45\bin;C:\Program Files (x86)\NVIDIA Corporation\PhysX\Common;C:\WINDOWS\system32;C:\WINDOWS;C:\WINDOWS\System32\Wbem;C:\WINDOWS\System32\WindowsPowerShell\v1.0\;C:\AppServ\Apache2.2\bin;C:\AppServ\php5;C:\AppServ\MySQL\bin;C:\WINDOWS\system32\config\systemprofile\.dnx\bin;C:\Program Files\Microsoft DNX\Dnvm\;C:\Program Files (x86)\Windows Kits\8.1\Windows Performance Toolkit\;c:\TotalCross3\dist\vm\win32;C:\Program Files\eclipse;
USERNAME=Anderson Gomes
OS=Windows_NT
PROCESSOR_IDENTIFIER=Intel64 Family 6 Model 69 Stepping 1, GenuineIntel



---------------  S Y S T E M  ---------------

OS: Windows 10.0 , 64 bit Build 10240 (10.0.10240.16384)

CPU:total 4 (2 cores per cpu, 2 threads per core) family 6 model 69 stepping 1, cmov, cx8, fxsr, mmx, sse, sse2, sse3, ssse3, sse4.1, sse4.2, popcnt, avx, avx2, aes, clmul, erms, lzcnt, ht, tsc, tscinvbit, bmi1, bmi2

Memory: 4k page, physical 6172092k(2911932k free), swap 7155132k(2480584k free)

vm_info: Java HotSpot(TM) 64-Bit Server VM (25.65-b01) for windows-amd64 JRE (1.8.0_65-b17), built on Oct  6 2015 16:39:20 by "java_re" with MS VC++ 10.0 (VS2010)

time: Wed Oct 28 20:24:21 2015
elapsed time: 38 seconds (0d 0h 0m 38s)

