#
# A fatal error has been detected by the Java Runtime Environment:
#
#  EXCEPTION_ACCESS_VIOLATION (0xc0000005) at pc=0x000000001b482be0, pid=6508, tid=4196
#
# JRE version: Java(TM) SE Runtime Environment (8.0_65-b17) (build 1.8.0_65-b17)
# Java VM: Java HotSpot(TM) 64-Bit Server VM (25.65-b01 mixed mode windows-amd64 compressed oops)
# Problematic frame:
# C  0x000000001b482be0
#
# Failed to write core dump. Minidumps are not enabled by default on client versions of Windows
#
# If you would like to submit a bug report, please visit:
#   http://bugreport.java.com/bugreport/crash.jsp
# The crash happened outside the Java Virtual Machine in native code.
# See problematic frame for where to report the bug.
#

---------------  T H R E A D  ---------------

Current thread (0x0000000017abe800):  JavaThread "Secondary finalizer" [_thread_in_native, id=4196, stack(0x00000000183c0000,0x00000000184c0000)]

siginfo: ExceptionCode=0xc0000005, ExceptionInformation=0x0000000000000008 0x000000001b482be0

Registers:
RAX=0x000000001b482be0, RBX=0x000000001b603e08, RCX=0x0000000017abe9f8, RDX=0x00000000184bef30
RSP=0x00000000184bee88, RBP=0x00000000184bef10, RSI=0x0000000011000030, RDI=0x000000000006d808
R8 =0x0000000000000009, R9 =0x00000000e230c9d8, R10=0x000000000341690b, R11=0x000000006b149450
R12=0x0000000000000000, R13=0x000000001b603e08, R14=0x00000000184bef30, R15=0x0000000017abe800
RIP=0x000000001b482be0, EFLAGS=0x0000000000010287

Top of Stack: (sp=0x00000000184bee88)
0x00000000184bee88:   0000000003416937 00000000159046f0
0x00000000184bee98:   0000000000000000 0000000015903c40
0x00000000184beea8:   0000000000000000 00000000184beec8
0x00000000184beeb8:   00000000184bef20 0000000000000000
0x00000000184beec8:   00000000e230c9d8 00000000184beec0
0x00000000184beed8:   0000000000000000 00000000184bef30
0x00000000184beee8:   000000001b61f400 0000000000000000
0x00000000184beef8:   000000001b603e08 0000000000000000
0x00000000184bef08:   00000000184bef30 00000000184bef98
0x00000000184bef18:   0000000003407ced 0000000000000000
0x00000000184bef28:   000000000340f978 00000000e230c9d8
0x00000000184bef38:   0000000000000009 0000000000000000
0x00000000184bef48:   0000000000000009 00000000e230c9d8
0x00000000184bef58:   00000000184bef38 000000001b5cebae
0x00000000184bef68:   00000000184befd0 000000001b61ec10
0x00000000184bef78:   0000000000000000 000000001b5cec48 

Instructions: (pc=0x000000001b482be0)
0x000000001b482bc0:   
[error occurred during error reporting (printing registers, top of stack, instructions near pc), id 0xc0000005]

Register to memory mapping:

RAX=0x000000001b482be0 is an unknown value
RBX={method} {0x000000001b603e10} 'free_functions' '()V' in 'org/sqlite/core/NativeDB'
RCX=0x0000000017abe9f8 is an unknown value
RDX=0x00000000184bef30 is pointing into the stack for thread: 0x0000000017abe800
RSP=0x00000000184bee88 is pointing into the stack for thread: 0x0000000017abe800
RBP=0x00000000184bef10 is pointing into the stack for thread: 0x0000000017abe800
RSI=0x0000000011000030 is an unknown value
RDI=0x000000000006d808 is an unknown value
R8 =0x0000000000000009 is an unknown value
R9 =0x00000000e230c9d8 is an oop
org.sqlite.core.NativeDB 
 - klass: 'org/sqlite/core/NativeDB'
R10=0x000000000341690b is at code_begin+1227 in an Interpreter codelet
method entry point (kind = native_synchronized)  [0x0000000003416440, 0x0000000003416f20]  2784 bytes
R11=0x000000006b149450 is an unknown value
R12=0x0000000000000000 is an unknown value
R13={method} {0x000000001b603e10} 'free_functions' '()V' in 'org/sqlite/core/NativeDB'
R14=0x00000000184bef30 is pointing into the stack for thread: 0x0000000017abe800
R15=0x0000000017abe800 is a thread


Stack: [0x00000000183c0000,0x00000000184c0000],  sp=0x00000000184bee88,  free space=1019k
Native frames: (J=compiled Java code, j=interpreted, Vv=VM code, C=native code)
C  0x000000001b482be0

Java frames: (J=compiled Java code, j=interpreted, Vv=VM code)
j  org.sqlite.core.NativeDB.free_functions()V+0
j  org.sqlite.core.DB.close()V+102
j  org.sqlite.core.CoreConnection.close()V+26
j  org.sqlite.core.CoreConnection.finalize()V+1
j  java.lang.System$2.invokeFinalize(Ljava/lang/Object;)V+1
j  java.lang.ref.Finalizer.runFinalizer(Lsun/misc/JavaLangAccess;)V+46
J 1014 C1 java.lang.ref.Finalizer.access$100(Ljava/lang/ref/Finalizer;Lsun/misc/JavaLangAccess;)V (6 bytes) @ 0x000000000385949c [0x0000000003859440+0x5c]
j  java.lang.ref.Finalizer$3.run()V+58
j  java.lang.Thread.run()V+11
v  ~StubRoutines::call_stub

---------------  P R O C E S S  ---------------

Java Threads: ( => current thread )
=>0x0000000017abe800 JavaThread "Secondary finalizer" [_thread_in_native, id=4196, stack(0x00000000183c0000,0x00000000184c0000)]
  0x0000000017dcf800 JavaThread "TC Event Thread" daemon [_thread_blocked, id=6044, stack(0x000000001b7a0000,0x000000001b8a0000)]
  0x00000000012b2800 JavaThread "DestroyJavaVM" [_thread_blocked, id=6664, stack(0x00000000011b0000,0x00000000012b0000)]
  0x0000000017d53800 JavaThread "AWT-EventQueue-0" [_thread_blocked, id=8692, stack(0x0000000018580000,0x0000000018680000)]
  0x0000000017d4d800 JavaThread "AWT-Shutdown" [_thread_blocked, id=7864, stack(0x00000000182c0000,0x00000000183c0000)]
  0x0000000017d4c800 JavaThread "Java2D Disposer" daemon [_thread_blocked, id=6692, stack(0x0000000018110000,0x0000000018210000)]
  0x0000000017a43000 JavaThread "Service Thread" daemon [_thread_blocked, id=8732, stack(0x0000000017e10000,0x0000000017f10000)]
  0x00000000160eb000 JavaThread "C1 CompilerThread2" daemon [_thread_blocked, id=6496, stack(0x0000000017910000,0x0000000017a10000)]
  0x00000000160c6000 JavaThread "C2 CompilerThread1" daemon [_thread_blocked, id=6492, stack(0x0000000017810000,0x0000000017910000)]
  0x00000000160bd800 JavaThread "C2 CompilerThread0" daemon [_thread_blocked, id=4520, stack(0x0000000017710000,0x0000000017810000)]
  0x00000000160bb800 JavaThread "Attach Listener" daemon [_thread_blocked, id=8100, stack(0x0000000017610000,0x0000000017710000)]
  0x00000000160ba000 JavaThread "Signal Dispatcher" daemon [_thread_blocked, id=5012, stack(0x0000000017510000,0x0000000017610000)]
  0x00000000013a6000 JavaThread "Finalizer" daemon [_thread_blocked, id=7552, stack(0x0000000017310000,0x0000000017410000)]
  0x000000000139d000 JavaThread "Reference Handler" daemon [_thread_blocked, id=6660, stack(0x0000000017210000,0x0000000017310000)]

Other Threads:
  0x0000000016087800 VMThread [stack: 0x0000000017110000,0x0000000017210000] [id=7012]
  0x0000000017a48000 WatcherThread [stack: 0x0000000017f10000,0x0000000018010000] [id=3736]

VM state:not at safepoint (normal execution)

VM Mutex/Monitor currently owned by a thread: None

Heap:
 PSYoungGen      total 28672K, used 10082K [0x00000000e0980000, 0x00000000e2980000, 0x0000000100000000)
  eden space 24576K, 24% used [0x00000000e0980000,0x00000000e0f5c9f8,0x00000000e2180000)
  from space 4096K, 99% used [0x00000000e2180000,0x00000000e257bf38,0x00000000e2580000)
  to   space 4096K, 0% used [0x00000000e2580000,0x00000000e2580000,0x00000000e2980000)
 ParOldGen       total 65536K, used 4482K [0x00000000a1c00000, 0x00000000a5c00000, 0x00000000e0980000)
  object space 65536K, 6% used [0x00000000a1c00000,0x00000000a2060a50,0x00000000a5c00000)
 Metaspace       used 11659K, capacity 11886K, committed 12160K, reserved 1060864K
  class space    used 1289K, capacity 1376K, committed 1408K, reserved 1048576K

Card table byte_map: [0x0000000001770000,0x0000000001a70000] byte_map_base: 0x0000000001262000

Marking Bits: (ParMarkBitMap*) 0x000000006b72a5b0
 Begin Bits: [0x0000000012500000, 0x0000000013c90000)
 End Bits:   [0x0000000013c90000, 0x0000000015420000)

Polling page: 0x0000000001000000

CodeCache: size=245760Kb used=4512Kb max_used=4541Kb free=241247Kb
 bounds [0x0000000003400000, 0x0000000003880000, 0x0000000012400000]
 total_blobs=1499 nmethods=1018 adapters=394
 compilation: enabled

Compilation events (10 events):
Event: 35.821 Thread 0x00000000160eb000 nmethod 1010 0x0000000003855dd0 code [0x00000000038560e0, 0x00000000038577e8]
Event: 36.250 Thread 0x00000000160bd800 1011   !   4       sun.awt.PostEventQueue::flush (168 bytes)
Event: 36.417 Thread 0x00000000160c6000 1012       4       java.awt.EventQueue::eventToCacheIndex (80 bytes)
Event: 36.421 Thread 0x00000000160c6000 nmethod 1012 0x0000000003851d50 code [0x0000000003851ea0, 0x0000000003851f78]
Event: 36.514 Thread 0x00000000160c6000 1013  s    4       java.awt.KeyboardFocusManager::getCurrentKeyboardFocusManager (32 bytes)
Event: 36.520 Thread 0x00000000160c6000 nmethod 1013 0x0000000003859650 code [0x00000000038597c0, 0x0000000003859b28]
Event: 36.789 Thread 0x00000000160bd800 nmethod 1011 0x0000000003864a10 code [0x0000000003865020, 0x000000000386b5b8]
Event: 37.565 Thread 0x00000000160eb000 1014       3       java.lang.ref.Finalizer::access$100 (6 bytes)
Event: 37.566 Thread 0x00000000160eb000 nmethod 1014 0x00000000038592d0 code [0x0000000003859440, 0x00000000038595a8]
Event: 37.567 Thread 0x00000000160eb000 1015   !   3       java.lang.ref.Finalizer::runFinalizer (62 bytes)

GC Heap History (2 events):
Event: 18.328 GC heap before
{Heap before GC invocations=1 (full 0):
 PSYoungGen      total 28672K, used 24576K [0x00000000e0980000, 0x00000000e2980000, 0x0000000100000000)
  eden space 24576K, 100% used [0x00000000e0980000,0x00000000e2180000,0x00000000e2180000)
  from space 4096K, 0% used [0x00000000e2580000,0x00000000e2580000,0x00000000e2980000)
  to   space 4096K, 0% used [0x00000000e2180000,0x00000000e2180000,0x00000000e2580000)
 ParOldGen       total 65536K, used 0K [0x00000000a1c00000, 0x00000000a5c00000, 0x00000000e0980000)
  object space 65536K, 0% used [0x00000000a1c00000,0x00000000a1c00000,0x00000000a5c00000)
 Metaspace       used 11284K, capacity 11590K, committed 11904K, reserved 1060864K
  class space    used 1258K, capacity 1344K, committed 1408K, reserved 1048576K
Event: 18.344 GC heap after
Heap after GC invocations=1 (full 0):
 PSYoungGen      total 28672K, used 4079K [0x00000000e0980000, 0x00000000e2980000, 0x0000000100000000)
  eden space 24576K, 0% used [0x00000000e0980000,0x00000000e0980000,0x00000000e2180000)
  from space 4096K, 99% used [0x00000000e2180000,0x00000000e257bf38,0x00000000e2580000)
  to   space 4096K, 0% used [0x00000000e2580000,0x00000000e2580000,0x00000000e2980000)
 ParOldGen       total 65536K, used 4482K [0x00000000a1c00000, 0x00000000a5c00000, 0x00000000e0980000)
  object space 65536K, 6% used [0x00000000a1c00000,0x00000000a2060a50,0x00000000a5c00000)
 Metaspace       used 11284K, capacity 11590K, committed 11904K, reserved 1060864K
  class space    used 1258K, capacity 1344K, committed 1408K, reserved 1048576K
}

Deoptimization events (10 events):
Event: 1.815 Thread 0x00000000012b2800 Uncommon trap: reason=unstable_if action=reinterpret pc=0x00000000035c5128 method=java.lang.String.indexOf([CII[CIII)I @ 134
Event: 2.646 Thread 0x0000000019962000 Uncommon trap: reason=unstable_if action=reinterpret pc=0x000000000362994c method=totalcross.ui.image.Image$ImageLoader.setPixels(IIIILjava/awt/image/ColorModel;[III)V @ 34
Event: 3.082 Thread 0x0000000017dcf800 Uncommon trap: reason=unstable_if action=reinterpret pc=0x000000000368ce04 method=org.sqlite.SQLiteJDBCLoader.contentsEquals(Ljava/io/InputStream;Ljava/io/InputStream;)Z @ 39
Event: 3.398 Thread 0x0000000017dcf800 Uncommon trap: reason=unstable_if action=reinterpret pc=0x00000000035ce928 method=java.lang.String.startsWith(Ljava/lang/String;I)Z @ 25
Event: 16.438 Thread 0x0000000017dcf800 Uncommon trap: reason=unstable_if action=reinterpret pc=0x000000000370ca18 method=totalcross.ui.gfx.Graphics.drawText(Ljava/lang/String;III)V @ 1239
Event: 16.441 Thread 0x0000000017dcf800 Uncommon trap: reason=unstable_if action=reinterpret pc=0x0000000003704170 method=totalcross.ui.gfx.Graphics.drawText(Ljava/lang/String;III)V @ 1239
Event: 25.076 Thread 0x0000000017dcf800 Uncommon trap: reason=unstable_if action=reinterpret pc=0x0000000003672a24 method=java.lang.AbstractStringBuilder.append(Ljava/lang/String;)Ljava/lang/AbstractStringBuilder; @ 1
Event: 25.121 Thread 0x0000000017dcf800 Uncommon trap: reason=unstable_if action=reinterpret pc=0x00000000037890dc method=totalcross.ui.gfx.Graphics.fillRect(IIII)V @ 200
Event: 25.176 Thread 0x0000000017dcf800 Uncommon trap: reason=unstable_if action=reinterpret pc=0x00000000037d2a2c method=totalcross.ui.gfx.Graphics.drawText(Ljava/lang/String;III)V @ 524
Event: 27.447 Thread 0x0000000017dcf800 Uncommon trap: reason=unstable_if action=reinterpret pc=0x0000000003805cb4 method=totalcross.ui.image.Image.applyFade(I)V @ 22

Internal exceptions (10 events):
Event: 26.198 Thread 0x0000000017dd5000 Exception <a 'java/lang/InterruptedException': sleep interrupted> (0x00000000e0998f68) thrown at [C:\workspace\8-2-build-windows-amd64-cygwin\jdk8u65\4987\hotspot\src\share\vm\prims\jvm.cpp, line 3215]
Event: 26.699 Thread 0x0000000017dd5000 Exception <a 'java/lang/InterruptedException': sleep interrupted> (0x00000000e0999218) thrown at [C:\workspace\8-2-build-windows-amd64-cygwin\jdk8u65\4987\hotspot\src\share\vm\prims\jvm.cpp, line 3215]
Event: 26.699 Thread 0x0000000017dd5000 Exception <a 'java/lang/InterruptedException': sleep interrupted> (0x00000000e0999470) thrown at [C:\workspace\8-2-build-windows-amd64-cygwin\jdk8u65\4987\hotspot\src\share\vm\prims\jvm.cpp, line 3167]
Event: 27.199 Thread 0x0000000017dd5000 Exception <a 'java/lang/InterruptedException': sleep interrupted> (0x00000000e0999720) thrown at [C:\workspace\8-2-build-windows-amd64-cygwin\jdk8u65\4987\hotspot\src\share\vm\prims\jvm.cpp, line 3215]
Event: 27.449 Thread 0x0000000017dd5000 Exception <a 'java/lang/InterruptedException': sleep interrupted> (0x00000000e0999978) thrown at [C:\workspace\8-2-build-windows-amd64-cygwin\jdk8u65\4987\hotspot\src\share\vm\prims\jvm.cpp, line 3215]
Event: 27.962 Thread 0x0000000017dd5000 Exception <a 'java/lang/InterruptedException': sleep interrupted> (0x00000000e099ad00) thrown at [C:\workspace\8-2-build-windows-amd64-cygwin\jdk8u65\4987\hotspot\src\share\vm\prims\jvm.cpp, line 3215]
Event: 37.445 Thread 0x0000000017dcf800 Exception <a 'java/io/FileNotFoundException'> (0x00000000e0e2a1f8) thrown at [C:\workspace\8-2-build-windows-amd64-cygwin\jdk8u65\4987\hotspot\src\share\vm\prims\jni.cpp, line 709]
Event: 37.445 Thread 0x0000000017dcf800 Exception <a 'java/io/FileNotFoundException'> (0x00000000e0e2ae88) thrown at [C:\workspace\8-2-build-windows-amd64-cygwin\jdk8u65\4987\hotspot\src\share\vm\prims\jni.cpp, line 709]
Event: 37.445 Thread 0x0000000017dcf800 Exception <a 'java/io/FileNotFoundException'> (0x00000000e0e2be48) thrown at [C:\workspace\8-2-build-windows-amd64-cygwin\jdk8u65\4987\hotspot\src\share\vm\prims\jni.cpp, line 709]
Event: 37.446 Thread 0x0000000017dd5000 Exception <a 'java/lang/InterruptedException': sleep interrupted> (0x00000000e09aeb40) thrown at [C:\workspace\8-2-build-windows-amd64-cygwin\jdk8u65\4987\hotspot\src\share\vm\prims\jvm.cpp, line 3215]

Events (10 events):
Event: 37.565 Executing VM operation: RevokeBias
Event: 37.565 Executing VM operation: RevokeBias done
Event: 37.565 Executing VM operation: RevokeBias
Event: 37.565 Executing VM operation: RevokeBias done
Event: 37.566 Executing VM operation: RevokeBias
Event: 37.566 Executing VM operation: RevokeBias done
Event: 37.567 Executing VM operation: RevokeBias
Event: 37.567 Executing VM operation: RevokeBias done
Event: 37.567 Executing VM operation: RevokeBias
Event: 37.567 Executing VM operation: RevokeBias done


Dynamic libraries:
0x00007ff68c330000 - 0x00007ff68c367000 	C:\Program Files\Java\jre1.8.0_65\bin\javaw.exe
0x00007ffbba050000 - 0x00007ffbba211000 	C:\WINDOWS\SYSTEM32\ntdll.dll
0x00007ffbb9890000 - 0x00007ffbb993d000 	C:\WINDOWS\system32\KERNEL32.DLL
0x00007ffbb72c0000 - 0x00007ffbb749d000 	C:\WINDOWS\system32\KERNELBASE.dll
0x00007ffbb53d0000 - 0x00007ffbb5448000 	C:\WINDOWS\system32\apphelp.dll
0x00007ffb8e470000 - 0x00007ffb8e4c3000 	C:\WINDOWS\AppPatch\AppPatch64\AcGenral.DLL
0x00007ffbb9230000 - 0x00007ffbb92cd000 	C:\WINDOWS\system32\msvcrt.dll
0x00007ffbb9940000 - 0x00007ffbb999b000 	C:\WINDOWS\system32\sechost.dll
0x00007ffbb9460000 - 0x00007ffbb9586000 	C:\WINDOWS\system32\RPCRT4.dll
0x00007ffbb9e20000 - 0x00007ffbb9e71000 	C:\WINDOWS\system32\SHLWAPI.dll
0x00007ffbb9590000 - 0x00007ffbb980c000 	C:\WINDOWS\system32\combase.dll
0x00007ffbb90a0000 - 0x00007ffbb9226000 	C:\WINDOWS\system32\GDI32.dll
0x00007ffbb8f50000 - 0x00007ffbb909e000 	C:\WINDOWS\system32\USER32.dll
0x00007ffbb7720000 - 0x00007ffbb7861000 	C:\WINDOWS\system32\ole32.dll
0x00007ffbb7a20000 - 0x00007ffbb8f42000 	C:\WINDOWS\system32\SHELL32.dll
0x00007ffbb6b20000 - 0x00007ffbb7148000 	C:\WINDOWS\system32\windows.storage.dll
0x00007ffbb9f30000 - 0x00007ffbb9fd6000 	C:\WINDOWS\system32\advapi32.dll
0x00007ffbb6a80000 - 0x00007ffbb6a8f000 	C:\WINDOWS\system32\kernel.appcore.dll
0x00007ffbb7150000 - 0x00007ffbb7203000 	C:\WINDOWS\system32\shcore.dll
0x00007ffbb6a90000 - 0x00007ffbb6ada000 	C:\WINDOWS\system32\powrprof.dll
0x00007ffbb6b00000 - 0x00007ffbb6b13000 	C:\WINDOWS\system32\profapi.dll
0x00007ffbb6640000 - 0x00007ffbb666c000 	C:\WINDOWS\SYSTEM32\SspiCli.dll
0x00007ffbb6120000 - 0x00007ffbb613f000 	C:\WINDOWS\SYSTEM32\USERENV.dll
0x00007ffbb5ce0000 - 0x00007ffbb5cfc000 	C:\WINDOWS\SYSTEM32\MPR.dll
0x00007ffbb9a60000 - 0x00007ffbb9a96000 	C:\WINDOWS\system32\IMM32.DLL
0x00007ffbb92d0000 - 0x00007ffbb942c000 	C:\WINDOWS\system32\MSCTF.dll
0x00007ffbad7a0000 - 0x00007ffbada14000 	C:\WINDOWS\WinSxS\amd64_microsoft.windows.common-controls_6595b64144ccf1df_6.0.10240.16384_none_f41f7b285750ef43\COMCTL32.dll
0x000000006aa40000 - 0x000000006ab12000 	C:\Program Files\Java\jre1.8.0_65\bin\msvcr100.dll
0x000000006af20000 - 0x000000006b7a9000 	C:\Program Files\Java\jre1.8.0_65\bin\server\jvm.dll
0x00007ffbb9820000 - 0x00007ffbb9828000 	C:\WINDOWS\system32\PSAPI.DLL
0x00007ffba11a0000 - 0x00007ffba11a9000 	C:\WINDOWS\SYSTEM32\WSOCK32.dll
0x00007ffbb50e0000 - 0x00007ffbb5103000 	C:\WINDOWS\SYSTEM32\WINMM.dll
0x00007ffbb9fe0000 - 0x00007ffbba049000 	C:\WINDOWS\system32\WS2_32.dll
0x00007ffbb9450000 - 0x00007ffbb9458000 	C:\WINDOWS\system32\NSI.dll
0x00007ffbb5820000 - 0x00007ffbb582a000 	C:\WINDOWS\SYSTEM32\VERSION.dll
0x00007ffbb50b0000 - 0x00007ffbb50dc000 	C:\WINDOWS\SYSTEM32\WINMMBASE.dll
0x00007ffbb76d0000 - 0x00007ffbb7714000 	C:\WINDOWS\system32\cfgmgr32.dll
0x00007ffbb5050000 - 0x00007ffbb5077000 	C:\WINDOWS\SYSTEM32\DEVOBJ.dll
0x000000006be40000 - 0x000000006be4f000 	C:\Program Files\Java\jre1.8.0_65\bin\verify.dll
0x000000006aef0000 - 0x000000006af19000 	C:\Program Files\Java\jre1.8.0_65\bin\java.dll
0x000000006aed0000 - 0x000000006aee6000 	C:\Program Files\Java\jre1.8.0_65\bin\zip.dll
0x000000006a8a0000 - 0x000000006aa38000 	C:\Program Files\Java\jre1.8.0_65\bin\awt.dll
0x00007ffbb99a0000 - 0x00007ffbb9a5e000 	C:\WINDOWS\system32\OLEAUT32.dll
0x00007ffbb3960000 - 0x00007ffbb3982000 	C:\WINDOWS\system32\DWMAPI.DLL
0x00007ffbb5470000 - 0x00007ffbb5506000 	C:\WINDOWS\system32\uxtheme.dll
0x00007ffbb68a0000 - 0x00007ffbb690b000 	C:\WINDOWS\SYSTEM32\bcryptPrimitives.dll
0x000000006a850000 - 0x000000006a897000 	C:\Program Files\Java\jre1.8.0_65\bin\fontmanager.dll
0x00007ffba0840000 - 0x00007ffba08db000 	C:\WINDOWS\system32\RICHED20.DLL
0x00007ffba0820000 - 0x00007ffba0838000 	C:\WINDOWS\SYSTEM32\USP10.dll
0x00007ffba07e0000 - 0x00007ffba0818000 	C:\WINDOWS\SYSTEM32\msls31.dll
0x00007ffbb62f0000 - 0x00007ffbb6307000 	C:\WINDOWS\SYSTEM32\cryptsp.dll
0x00007ffbb69b0000 - 0x00007ffbb69d8000 	C:\WINDOWS\SYSTEM32\bcrypt.dll
0x00007ffbb5f40000 - 0x00007ffbb5f73000 	C:\WINDOWS\system32\rsaenh.dll
0x00007ffbb6460000 - 0x00007ffbb646b000 	C:\WINDOWS\SYSTEM32\CRYPTBASE.dll
0x00007ffbb9e80000 - 0x00007ffbb9f25000 	C:\WINDOWS\system32\clbcatq.dll
0x00007ffb9dc10000 - 0x00007ffb9dc56000 	C:\WINDOWS\system32\dataexchange.dll
0x00007ffbb2700000 - 0x00007ffbb29a3000 	C:\WINDOWS\system32\d3d11.dll
0x00007ffbb51e0000 - 0x00007ffbb52b1000 	C:\WINDOWS\system32\dcomp.dll
0x00007ffbb2660000 - 0x00007ffbb26fc000 	C:\WINDOWS\system32\dxgi.dll
0x00007ffbad250000 - 0x00007ffbad795000 	C:\WINDOWS\system32\d2d1.dll
0x00007ffbb4940000 - 0x00007ffbb4a2e000 	C:\WINDOWS\system32\twinapi.appcore.dll
0x000000006aeb0000 - 0x000000006aeca000 	C:\Program Files\Java\jre1.8.0_65\bin\net.dll
0x0000000180000000 - 0x000000018006d000 	C:\Windows\system32\LavasoftTcpService64.dll
0x00007ffbb6290000 - 0x00007ffbb62ed000 	C:\WINDOWS\SYSTEM32\MSWSOCK.dll
0x00007ffbb5840000 - 0x00007ffbb5878000 	C:\WINDOWS\SYSTEM32\IPHLPAPI.DLL
0x00007ffbb5830000 - 0x00007ffbb583b000 	C:\WINDOWS\SYSTEM32\WINNSI.DLL
0x00007ffbb6030000 - 0x00007ffbb60d8000 	C:\WINDOWS\SYSTEM32\DNSAPI.dll
0x00007ffbac270000 - 0x00007ffbac27a000 	C:\Windows\System32\rasadhlp.dll
0x00007ffbaddf0000 - 0x00007ffbade06000 	C:\WINDOWS\SYSTEM32\dhcpcsvc6.DLL
0x00007ffbae760000 - 0x00007ffbae77a000 	C:\WINDOWS\SYSTEM32\dhcpcsvc.DLL
0x000000006ae90000 - 0x000000006aea1000 	C:\Program Files\Java\jre1.8.0_65\bin\nio.dll
0x00007ffbade20000 - 0x00007ffbade88000 	C:\WINDOWS\System32\fwpuclnt.dll
0x00007ffb923e0000 - 0x00007ffb9256a000 	C:\WINDOWS\SYSTEM32\dbghelp.dll

VM Arguments:
jvm_args: -Dfile.encoding=Cp1252 
java_command: totalcross.Launcher /scr android /r 5443535427A04F185BE3C545 app.ui.App
java_class_path (initial): C:\Users\Anderson Gomes\workspace\app\bin;C:\TotalCross3\dist\tc.jar
Launcher Type: SUN_STANDARD

Environment Variables:
JAVA_HOME=C:\Program Files\Java\jdk1.8.0_45
CLASSPATH=;C:\Program Files\Java\jdk1.8.0_45\lib;C:\Program Files\Java\jdk1.8.0_45\lib\tools.jar;C:\Program Files\Java\jdk1.8.0_45\lib\dt.jar;C:\Program Files\Java\jdk1.8.0_45\lib\htmlconverter.jar;C:\Program Files\Java\jdk1.8.0_45\jre\lib;C:\Program Files\Java\jdk1.8.0_45\jre\lib\rt.jar;
PATH=C:/Program Files/Java/jre1.8.0_65/bin/server;C:/Program Files/Java/jre1.8.0_65/bin;C:/Program Files/Java/jre1.8.0_65/lib/amd64;C:\ProgramData\Oracle\Java\javapath;C:\Program Files (x86)\Intel\iCLS Client\;C:\Program Files\Intel\iCLS Client\;C:\Windows\system32;C:\Windows;C:\Windows\System32\Wbem;C:\Windows\System32\WindowsPowerShell\v1.0\;C:\Program Files\Intel\Intel(R) Management Engine Components\DAL;C:\Program Files\Intel\Intel(R) Management Engine Components\IPT;C:\Program Files (x86)\Intel\Intel(R) Management Engine Components\DAL;C:\Program Files (x86)\Intel\Intel(R) Management Engine Components\IPT;C:\Program Files\Java\jdk1.8.0_45\bin;C:\Program Files (x86)\NVIDIA Corporation\PhysX\Common;C:\WINDOWS\system32;C:\WINDOWS;C:\WINDOWS\System32\Wbem;C:\WINDOWS\System32\WindowsPowerShell\v1.0\;C:\AppServ\Apache2.2\bin;C:\AppServ\php5;C:\AppServ\MySQL\bin;C:\WINDOWS\system32\config\systemprofile\.dnx\bin;C:\Program Files\Microsoft DNX\Dnvm\;C:\Program Files (x86)\Windows Kits\8.1\Windows Performance Toolkit\;c:\TotalCross3\dist\vm\win32;C:\Program Files\eclipse;
USERNAME=Anderson Gomes
OS=Windows_NT
PROCESSOR_IDENTIFIER=Intel64 Family 6 Model 69 Stepping 1, GenuineIntel



---------------  S Y S T E M  ---------------

OS: Windows 10.0 , 64 bit Build 10240 (10.0.10240.16384)

CPU:total 4 (2 cores per cpu, 2 threads per core) family 6 model 69 stepping 1, cmov, cx8, fxsr, mmx, sse, sse2, sse3, ssse3, sse4.1, sse4.2, popcnt, avx, avx2, aes, clmul, erms, lzcnt, ht, tsc, tscinvbit, bmi1, bmi2

Memory: 4k page, physical 6172092k(3302428k free), swap 7155132k(3845864k free)

vm_info: Java HotSpot(TM) 64-Bit Server VM (25.65-b01) for windows-amd64 JRE (1.8.0_65-b17), built on Oct  6 2015 16:39:20 by "java_re" with MS VC++ 10.0 (VS2010)

time: Wed Oct 28 23:59:02 2015
elapsed time: 37 seconds (0d 0h 0m 37s)

