#
# A fatal error has been detected by the Java Runtime Environment:
#
#  EXCEPTION_ACCESS_VIOLATION (0xc0000005) at pc=0x0000000019c42be0, pid=8688, tid=4984
#
# JRE version: Java(TM) SE Runtime Environment (8.0_65-b17) (build 1.8.0_65-b17)
# Java VM: Java HotSpot(TM) 64-Bit Server VM (25.65-b01 mixed mode windows-amd64 compressed oops)
# Problematic frame:
# C  0x0000000019c42be0
#
# Failed to write core dump. Minidumps are not enabled by default on client versions of Windows
#
# If you would like to submit a bug report, please visit:
#   http://bugreport.java.com/bugreport/crash.jsp
# The crash happened outside the Java Virtual Machine in native code.
# See problematic frame for where to report the bug.
#

---------------  T H R E A D  ---------------

Current thread (0x000000001a0fd800):  JavaThread "Secondary finalizer" [_thread_in_native, id=4984, stack(0x0000000018110000,0x0000000018210000)]

siginfo: ExceptionCode=0xc0000005, ExceptionInformation=0x0000000000000008 0x0000000019c42be0

Registers:
RAX=0x0000000019c42be0, RBX=0x000000001b103ec8, RCX=0x000000001a0fd9f8, RDX=0x000000001820ec78
RSP=0x000000001820ebd8, RBP=0x000000001820ec58, RSI=0x0000000011000030, RDI=0x0000000000076610
R8 =0x0000000000000005, R9 =0x00000000e09b9020, R10=0x000000000254690b, R11=0x000000006b149450
R12=0x0000000000000000, R13=0x000000001b103ec8, R14=0x000000001820ec78, R15=0x000000001a0fd800
RIP=0x0000000019c42be0, EFLAGS=0x0000000000010287

Top of Stack: (sp=0x000000001820ebd8)
0x000000001820ebd8:   0000000002546937 0000000000000000
0x000000001820ebe8:   00000000155f3c40 0000000000000000
0x000000001820ebf8:   000000001820ec10 000000001820ec68
0x000000001820ec08:   0000000000000000 00000000e09b9020
0x000000001820ec18:   000000001820ec08 0000000000000000
0x000000001820ec28:   000000001820ec78 000000001b12f420
0x000000001820ec38:   0000000000000000 000000001b103ec8
0x000000001820ec48:   0000000000000000 000000001820ec78
0x000000001820ec58:   000000001820ece0 0000000002537ced
0x000000001820ec68:   0000000000000000 000000000253f978
0x000000001820ec78:   00000000e09b9020 00000000e09b9058
0x000000001820ec88:   0000000000000000 0000000000000001
0x000000001820ec98:   00000000e09b9020 000000001820ec80
0x000000001820eca8:   000000001b0fec76 000000001820ed18
0x000000001820ecb8:   000000001b12ec30 0000000000000000
0x000000001820ecc8:   000000001b0fed10 000000001820ec78 

Instructions: (pc=0x0000000019c42be0)
0x0000000019c42bc0:   
[error occurred during error reporting (printing registers, top of stack, instructions near pc), id 0xc0000005]

Register to memory mapping:

RAX=0x0000000019c42be0 is an unknown value
RBX={method} {0x000000001b103ed0} 'free_functions' '()V' in 'org/sqlite/core/NativeDB'
RCX=0x000000001a0fd9f8 is an unknown value
RDX=0x000000001820ec78 is pointing into the stack for thread: 0x000000001a0fd800
RSP=0x000000001820ebd8 is pointing into the stack for thread: 0x000000001a0fd800
RBP=0x000000001820ec58 is pointing into the stack for thread: 0x000000001a0fd800
RSI=0x0000000011000030 is an unknown value
RDI=0x0000000000076610 is an unknown value
R8 =0x0000000000000005 is an unknown value
R9 =0x00000000e09b9020 is an oop
org.sqlite.core.NativeDB 
 - klass: 'org/sqlite/core/NativeDB'
R10=0x000000000254690b is at code_begin+1227 in an Interpreter codelet
method entry point (kind = native_synchronized)  [0x0000000002546440, 0x0000000002546f20]  2784 bytes
R11=0x000000006b149450 is an unknown value
R12=0x0000000000000000 is an unknown value
R13={method} {0x000000001b103ed0} 'free_functions' '()V' in 'org/sqlite/core/NativeDB'
R14=0x000000001820ec78 is pointing into the stack for thread: 0x000000001a0fd800
R15=0x000000001a0fd800 is a thread


Stack: [0x0000000018110000,0x0000000018210000],  sp=0x000000001820ebd8,  free space=1018k
Native frames: (J=compiled Java code, j=interpreted, Vv=VM code, C=native code)
C  0x0000000019c42be0

Java frames: (J=compiled Java code, j=interpreted, Vv=VM code)
j  org.sqlite.core.NativeDB.free_functions()V+0
j  org.sqlite.core.DB.close()V+102
j  org.sqlite.core.CoreConnection.close()V+26
j  org.sqlite.core.CoreConnection.finalize()V+1
J 1036 C1 java.lang.ref.Finalizer.runFinalizer(Lsun/misc/JavaLangAccess;)V (62 bytes) @ 0x0000000002975ecc [0x0000000002975940+0x58c]
J 1035 C1 java.lang.ref.Finalizer.access$100(Ljava/lang/ref/Finalizer;Lsun/misc/JavaLangAccess;)V (6 bytes) @ 0x0000000002965f9c [0x0000000002965f40+0x5c]
j  java.lang.ref.Finalizer$3.run()V+58
j  java.lang.Thread.run()V+11
v  ~StubRoutines::call_stub

---------------  P R O C E S S  ---------------

Java Threads: ( => current thread )
=>0x000000001a0fd800 JavaThread "Secondary finalizer" [_thread_in_native, id=4984, stack(0x0000000018110000,0x0000000018210000)]
  0x000000001861b000 JavaThread "TC Event Thread" daemon [_thread_blocked, id=4740, stack(0x000000001b210000,0x000000001b310000)]
  0x0000000002432800 JavaThread "DestroyJavaVM" [_thread_blocked, id=4776, stack(0x0000000002330000,0x0000000002430000)]
  0x0000000017b1e000 JavaThread "AWT-EventQueue-0" [_thread_blocked, id=5980, stack(0x0000000018a10000,0x0000000018b10000)]
  0x0000000017b0f000 JavaThread "AWT-Shutdown" [_thread_blocked, id=6088, stack(0x0000000018010000,0x0000000018110000)]
  0x0000000017b0e800 JavaThread "Java2D Disposer" daemon [_thread_blocked, id=2512, stack(0x0000000017f10000,0x0000000018010000)]
  0x0000000017750000 JavaThread "Service Thread" daemon [_thread_blocked, id=8772, stack(0x0000000017b20000,0x0000000017c20000)]
  0x0000000015db8800 JavaThread "C1 CompilerThread2" daemon [_thread_blocked, id=7872, stack(0x0000000017620000,0x0000000017720000)]
  0x0000000015db1800 JavaThread "C2 CompilerThread1" daemon [_thread_blocked, id=3232, stack(0x0000000017520000,0x0000000017620000)]
  0x0000000015dac000 JavaThread "C2 CompilerThread0" daemon [_thread_blocked, id=3200, stack(0x0000000017420000,0x0000000017520000)]
  0x0000000015db7000 JavaThread "Attach Listener" daemon [_thread_blocked, id=552, stack(0x0000000017320000,0x0000000017420000)]
  0x0000000015db5800 JavaThread "Signal Dispatcher" daemon [_thread_blocked, id=5540, stack(0x0000000017220000,0x0000000017320000)]
  0x0000000015d79800 JavaThread "Finalizer" daemon [_thread_blocked, id=9024, stack(0x0000000017020000,0x0000000017120000)]
  0x000000000251e800 JavaThread "Reference Handler" daemon [_thread_blocked, id=6092, stack(0x0000000016f20000,0x0000000017020000)]

Other Threads:
  0x0000000015d76800 VMThread [stack: 0x0000000016e20000,0x0000000016f20000] [id=6032]
  0x0000000017786000 WatcherThread [stack: 0x0000000017c20000,0x0000000017d20000] [id=8736]

VM state:not at safepoint (normal execution)

VM Mutex/Monitor currently owned by a thread: None

Heap:
 PSYoungGen      total 28672K, used 11657K [0x00000000e0980000, 0x00000000e2980000, 0x0000000100000000)
  eden space 24576K, 30% used [0x00000000e0980000,0x00000000e10e27d0,0x00000000e2180000)
  from space 4096K, 99% used [0x00000000e2180000,0x00000000e257fdf8,0x00000000e2580000)
  to   space 4096K, 0% used [0x00000000e2580000,0x00000000e2580000,0x00000000e2980000)
 ParOldGen       total 65536K, used 4661K [0x00000000a1c00000, 0x00000000a5c00000, 0x00000000e0980000)
  object space 65536K, 7% used [0x00000000a1c00000,0x00000000a208d6d0,0x00000000a5c00000)
 Metaspace       used 11778K, capacity 12010K, committed 12160K, reserved 1060864K
  class space    used 1299K, capacity 1376K, committed 1408K, reserved 1048576K

Card table byte_map: [0x00000000118f0000,0x0000000011bf0000] byte_map_base: 0x00000000113e2000

Marking Bits: (ParMarkBitMap*) 0x000000006b72a5b0
 Begin Bits: [0x00000000121f0000, 0x0000000013980000)
 End Bits:   [0x0000000013980000, 0x0000000015110000)

Polling page: 0x0000000000610000

CodeCache: size=245760Kb used=4353Kb max_used=4357Kb free=241406Kb
 bounds [0x0000000002530000, 0x0000000002980000, 0x0000000011530000]
 total_blobs=1523 nmethods=1039 adapters=397
 compilation: enabled

Compilation events (10 events):
Event: 57.038 Thread 0x0000000015db1800 nmethod 1033 0x0000000002971310 code [0x0000000002971460, 0x0000000002971778]
Event: 57.204 Thread 0x0000000015dac000 1034  s    4       totalcross.TCEventThread$Queue::push (61 bytes)
Event: 57.211 Thread 0x0000000015dac000 nmethod 1034 0x0000000002970cd0 code [0x0000000002970e20, 0x00000000029711c8]
Event: 57.652 Thread 0x0000000015db8800 1035       3       java.lang.ref.Finalizer::access$100 (6 bytes)
Event: 57.653 Thread 0x0000000015db8800 nmethod 1035 0x0000000002965dd0 code [0x0000000002965f40, 0x00000000029660a8]
Event: 57.653 Thread 0x0000000015db8800 1036   !   3       java.lang.ref.Finalizer::runFinalizer (62 bytes)
Event: 57.656 Thread 0x0000000015db8800 nmethod 1036 0x0000000002975790 code [0x0000000002975940, 0x00000000029761b8]
Event: 57.656 Thread 0x0000000015db8800 1037       3       java.lang.ref.Finalizer::hasBeenFinalized (14 bytes)
Event: 57.656 Thread 0x0000000015db8800 nmethod 1037 0x0000000002970950 code [0x0000000002970aa0, 0x0000000002970c50]
Event: 57.657 Thread 0x0000000015db8800 1038   !   3       java.lang.ref.Finalizer::remove (94 bytes)

GC Heap History (2 events):
Event: 41.324 GC heap before
{Heap before GC invocations=1 (full 0):
 PSYoungGen      total 28672K, used 24576K [0x00000000e0980000, 0x00000000e2980000, 0x0000000100000000)
  eden space 24576K, 100% used [0x00000000e0980000,0x00000000e2180000,0x00000000e2180000)
  from space 4096K, 0% used [0x00000000e2580000,0x00000000e2580000,0x00000000e2980000)
  to   space 4096K, 0% used [0x00000000e2180000,0x00000000e2180000,0x00000000e2580000)
 ParOldGen       total 65536K, used 0K [0x00000000a1c00000, 0x00000000a5c00000, 0x00000000e0980000)
  object space 65536K, 0% used [0x00000000a1c00000,0x00000000a1c00000,0x00000000a5c00000)
 Metaspace       used 10874K, capacity 11106K, committed 11392K, reserved 1058816K
  class space    used 1234K, capacity 1312K, committed 1408K, reserved 1048576K
Event: 41.337 GC heap after
Heap after GC invocations=1 (full 0):
 PSYoungGen      total 28672K, used 4095K [0x00000000e0980000, 0x00000000e2980000, 0x0000000100000000)
  eden space 24576K, 0% used [0x00000000e0980000,0x00000000e0980000,0x00000000e2180000)
  from space 4096K, 99% used [0x00000000e2180000,0x00000000e257fdf8,0x00000000e2580000)
  to   space 4096K, 0% used [0x00000000e2580000,0x00000000e2580000,0x00000000e2980000)
 ParOldGen       total 65536K, used 4661K [0x00000000a1c00000, 0x00000000a5c00000, 0x00000000e0980000)
  object space 65536K, 7% used [0x00000000a1c00000,0x00000000a208d6d0,0x00000000a5c00000)
 Metaspace       used 10874K, capacity 11106K, committed 11392K, reserved 1058816K
  class space    used 1234K, capacity 1312K, committed 1408K, reserved 1048576K
}

Deoptimization events (10 events):
Event: 1.635 Thread 0x000000001861b000 Uncommon trap: reason=unstable_if action=reinterpret pc=0x0000000002763014 method=java.lang.AbstractStringBuilder.append(Ljava/lang/String;)Ljava/lang/AbstractStringBuilder; @ 1
Event: 41.177 Thread 0x000000001861b000 Uncommon trap: reason=unstable_if action=reinterpret pc=0x0000000002817b64 method=java.lang.String.indexOf([CII[CIII)I @ 3
Event: 41.453 Thread 0x000000001861b000 Uncommon trap: reason=unstable_if action=reinterpret pc=0x0000000002842a44 method=org.sqlite.SQLiteJDBCLoader.contentsEquals(Ljava/io/InputStream;Ljava/io/InputStream;)Z @ 39
Event: 41.597 Thread 0x000000001861b000 Uncommon trap: reason=unstable_if action=reinterpret pc=0x00000000027f5478 method=totalcross.ui.gfx.Graphics.drawText(Ljava/lang/String;III)V @ 1239
Event: 41.599 Thread 0x000000001861b000 Uncommon trap: reason=unstable_if action=reinterpret pc=0x00000000027f181c method=totalcross.ui.gfx.Graphics.drawText(Ljava/lang/String;III)V @ 1239
Event: 52.808 Thread 0x000000001861b000 Uncommon trap: reason=unstable_if action=reinterpret pc=0x00000000028c48dc method=totalcross.ui.gfx.Graphics.fillRect(IIII)V @ 200
Event: 52.853 Thread 0x000000001861b000 Uncommon trap: reason=unstable_if action=reinterpret pc=0x00000000028d95ec method=totalcross.ui.gfx.Graphics.drawText(Ljava/lang/String;III)V @ 524
Event: 53.384 Thread 0x000000001861b000 Uncommon trap: reason=unstable_if action=reinterpret pc=0x00000000028ca788 method=totalcross.ui.gfx.Graphics.drawText(Ljava/lang/String;III)V @ 524
Event: 53.869 Thread 0x000000001861b000 Uncommon trap: reason=unstable_if action=reinterpret pc=0x00000000029455ac method=totalcross.ui.gfx.Graphics.fadeScreen(I)V @ 23
Event: 54.365 Thread 0x000000001861b000 Uncommon trap: reason=unstable_if action=reinterpret pc=0x00000000029232b4 method=totalcross.ui.image.Image.applyFade(I)V @ 22

Internal exceptions (10 events):
Event: 53.389 Thread 0x00000000182a5000 Exception <a 'java/lang/InterruptedException': sleep interrupted> (0x00000000e09dd180) thrown at [C:\workspace\8-2-build-windows-amd64-cygwin\jdk8u65\4987\hotspot\src\share\vm\prims\jvm.cpp, line 3167]
Event: 53.390 Thread 0x00000000182a5000 Exception <a 'java/lang/InterruptedException': sleep interrupted> (0x00000000e09dd3d8) thrown at [C:\workspace\8-2-build-windows-amd64-cygwin\jdk8u65\4987\hotspot\src\share\vm\prims\jvm.cpp, line 3167]
Event: 53.390 Thread 0x00000000182a5000 Exception <a 'java/lang/InterruptedException': sleep interrupted> (0x00000000e09dd630) thrown at [C:\workspace\8-2-build-windows-amd64-cygwin\jdk8u65\4987\hotspot\src\share\vm\prims\jvm.cpp, line 3167]
Event: 53.867 Thread 0x00000000182a5000 Exception <a 'java/lang/InterruptedException': sleep interrupted> (0x00000000e09dd8e0) thrown at [C:\workspace\8-2-build-windows-amd64-cygwin\jdk8u65\4987\hotspot\src\share\vm\prims\jvm.cpp, line 3215]
Event: 54.369 Thread 0x00000000182a5000 Exception <a 'java/lang/InterruptedException': sleep interrupted> (0x00000000e09ddb90) thrown at [C:\workspace\8-2-build-windows-amd64-cygwin\jdk8u65\4987\hotspot\src\share\vm\prims\jvm.cpp, line 3215]
Event: 54.878 Thread 0x00000000182a5000 Exception <a 'java/lang/InterruptedException': sleep interrupted> (0x00000000e09deec0) thrown at [C:\workspace\8-2-build-windows-amd64-cygwin\jdk8u65\4987\hotspot\src\share\vm\prims\jvm.cpp, line 3215]
Event: 57.544 Thread 0x000000001861b000 Exception <a 'java/io/FileNotFoundException'> (0x00000000e103fa40) thrown at [C:\workspace\8-2-build-windows-amd64-cygwin\jdk8u65\4987\hotspot\src\share\vm\prims\jni.cpp, line 709]
Event: 57.544 Thread 0x000000001861b000 Exception <a 'java/io/FileNotFoundException'> (0x00000000e10406d0) thrown at [C:\workspace\8-2-build-windows-amd64-cygwin\jdk8u65\4987\hotspot\src\share\vm\prims\jni.cpp, line 709]
Event: 57.544 Thread 0x000000001861b000 Exception <a 'java/io/FileNotFoundException'> (0x00000000e1041690) thrown at [C:\workspace\8-2-build-windows-amd64-cygwin\jdk8u65\4987\hotspot\src\share\vm\prims\jni.cpp, line 709]
Event: 57.546 Thread 0x00000000182a5000 Exception <a 'java/lang/InterruptedException': sleep interrupted> (0x00000000e09e4b28) thrown at [C:\workspace\8-2-build-windows-amd64-cygwin\jdk8u65\4987\hotspot\src\share\vm\prims\jvm.cpp, line 3215]

Events (10 events):
Event: 57.655 Executing VM operation: RevokeBias
Event: 57.656 Executing VM operation: RevokeBias done
Event: 57.656 Executing VM operation: RevokeBias
Event: 57.657 Executing VM operation: RevokeBias done
Event: 57.657 Executing VM operation: RevokeBias
Event: 57.657 Executing VM operation: RevokeBias done
Event: 57.657 Executing VM operation: RevokeBias
Event: 57.657 Executing VM operation: RevokeBias done
Event: 57.657 Executing VM operation: RevokeBias
Event: 57.657 Executing VM operation: RevokeBias done


Dynamic libraries:
0x00007ff68c330000 - 0x00007ff68c367000 	C:\Program Files\Java\jre1.8.0_65\bin\javaw.exe
0x00007ffbba050000 - 0x00007ffbba211000 	C:\WINDOWS\SYSTEM32\ntdll.dll
0x00007ffbb9890000 - 0x00007ffbb993d000 	C:\WINDOWS\system32\KERNEL32.DLL
0x00007ffbb72c0000 - 0x00007ffbb749d000 	C:\WINDOWS\system32\KERNELBASE.dll
0x00007ffbb53d0000 - 0x00007ffbb5448000 	C:\WINDOWS\system32\apphelp.dll
0x00007ffbacdb0000 - 0x00007ffbace03000 	C:\WINDOWS\AppPatch\AppPatch64\AcGenral.DLL
0x00007ffbb9230000 - 0x00007ffbb92cd000 	C:\WINDOWS\system32\msvcrt.dll
0x00007ffbb9940000 - 0x00007ffbb999b000 	C:\WINDOWS\system32\sechost.dll
0x00007ffbb9460000 - 0x00007ffbb9586000 	C:\WINDOWS\system32\RPCRT4.dll
0x00007ffbb9e20000 - 0x00007ffbb9e71000 	C:\WINDOWS\system32\SHLWAPI.dll
0x00007ffbb9590000 - 0x00007ffbb980c000 	C:\WINDOWS\system32\combase.dll
0x00007ffbb90a0000 - 0x00007ffbb9226000 	C:\WINDOWS\system32\GDI32.dll
0x00007ffbb8f50000 - 0x00007ffbb909e000 	C:\WINDOWS\system32\USER32.dll
0x00007ffbb7720000 - 0x00007ffbb7861000 	C:\WINDOWS\system32\ole32.dll
0x00007ffbb7a20000 - 0x00007ffbb8f42000 	C:\WINDOWS\system32\SHELL32.dll
0x00007ffbb6b20000 - 0x00007ffbb7148000 	C:\WINDOWS\system32\windows.storage.dll
0x00007ffbb9f30000 - 0x00007ffbb9fd6000 	C:\WINDOWS\system32\advapi32.dll
0x00007ffbb6a80000 - 0x00007ffbb6a8f000 	C:\WINDOWS\system32\kernel.appcore.dll
0x00007ffbb7150000 - 0x00007ffbb7203000 	C:\WINDOWS\system32\shcore.dll
0x00007ffbb6a90000 - 0x00007ffbb6ada000 	C:\WINDOWS\system32\powrprof.dll
0x00007ffbb6b00000 - 0x00007ffbb6b13000 	C:\WINDOWS\system32\profapi.dll
0x00007ffbb6640000 - 0x00007ffbb666c000 	C:\WINDOWS\SYSTEM32\SspiCli.dll
0x00007ffbb6120000 - 0x00007ffbb613f000 	C:\WINDOWS\SYSTEM32\USERENV.dll
0x00007ffbb5ce0000 - 0x00007ffbb5cfc000 	C:\WINDOWS\SYSTEM32\MPR.dll
0x00007ffbb9a60000 - 0x00007ffbb9a96000 	C:\WINDOWS\system32\IMM32.DLL
0x00007ffbb92d0000 - 0x00007ffbb942c000 	C:\WINDOWS\system32\MSCTF.dll
0x00007ffbad7a0000 - 0x00007ffbada14000 	C:\WINDOWS\WinSxS\amd64_microsoft.windows.common-controls_6595b64144ccf1df_6.0.10240.16384_none_f41f7b285750ef43\COMCTL32.dll
0x000000006b960000 - 0x000000006ba32000 	C:\Program Files\Java\jre1.8.0_65\bin\msvcr100.dll
0x000000006af20000 - 0x000000006b7a9000 	C:\Program Files\Java\jre1.8.0_65\bin\server\jvm.dll
0x00007ffbb9820000 - 0x00007ffbb9828000 	C:\WINDOWS\system32\PSAPI.DLL
0x00007ffba11a0000 - 0x00007ffba11a9000 	C:\WINDOWS\SYSTEM32\WSOCK32.dll
0x00007ffbb50e0000 - 0x00007ffbb5103000 	C:\WINDOWS\SYSTEM32\WINMM.dll
0x00007ffbb9fe0000 - 0x00007ffbba049000 	C:\WINDOWS\system32\WS2_32.dll
0x00007ffbb9450000 - 0x00007ffbb9458000 	C:\WINDOWS\system32\NSI.dll
0x00007ffbb5820000 - 0x00007ffbb582a000 	C:\WINDOWS\SYSTEM32\VERSION.dll
0x00007ffbb50b0000 - 0x00007ffbb50dc000 	C:\WINDOWS\SYSTEM32\WINMMBASE.dll
0x00007ffbb76d0000 - 0x00007ffbb7714000 	C:\WINDOWS\system32\cfgmgr32.dll
0x00007ffbb5050000 - 0x00007ffbb5077000 	C:\WINDOWS\SYSTEM32\DEVOBJ.dll
0x000000006be40000 - 0x000000006be4f000 	C:\Program Files\Java\jre1.8.0_65\bin\verify.dll
0x000000006aef0000 - 0x000000006af19000 	C:\Program Files\Java\jre1.8.0_65\bin\java.dll
0x000000006aed0000 - 0x000000006aee6000 	C:\Program Files\Java\jre1.8.0_65\bin\zip.dll
0x000000006a980000 - 0x000000006ab18000 	C:\Program Files\Java\jre1.8.0_65\bin\awt.dll
0x00007ffbb99a0000 - 0x00007ffbb9a5e000 	C:\WINDOWS\system32\OLEAUT32.dll
0x00007ffbb3960000 - 0x00007ffbb3982000 	C:\WINDOWS\system32\DWMAPI.DLL
0x00007ffbb5470000 - 0x00007ffbb5506000 	C:\WINDOWS\system32\uxtheme.dll
0x00007ffbb68a0000 - 0x00007ffbb690b000 	C:\WINDOWS\SYSTEM32\bcryptPrimitives.dll
0x000000006bea0000 - 0x000000006bee7000 	C:\Program Files\Java\jre1.8.0_65\bin\fontmanager.dll
0x00007ffba0840000 - 0x00007ffba08db000 	C:\WINDOWS\system32\RICHED20.DLL
0x00007ffba0820000 - 0x00007ffba0838000 	C:\WINDOWS\SYSTEM32\USP10.dll
0x00007ffba07e0000 - 0x00007ffba0818000 	C:\WINDOWS\SYSTEM32\msls31.dll
0x00007ffbb62f0000 - 0x00007ffbb6307000 	C:\WINDOWS\SYSTEM32\cryptsp.dll
0x00007ffbb69b0000 - 0x00007ffbb69d8000 	C:\WINDOWS\SYSTEM32\bcrypt.dll
0x00007ffbb5f40000 - 0x00007ffbb5f73000 	C:\WINDOWS\system32\rsaenh.dll
0x00007ffbb6460000 - 0x00007ffbb646b000 	C:\WINDOWS\SYSTEM32\CRYPTBASE.dll
0x00007ffbb9e80000 - 0x00007ffbb9f25000 	C:\WINDOWS\system32\clbcatq.dll
0x00007ffb9dc10000 - 0x00007ffb9dc56000 	C:\WINDOWS\system32\dataexchange.dll
0x00007ffbad250000 - 0x00007ffbad795000 	C:\WINDOWS\system32\d2d1.dll
0x00007ffbb51e0000 - 0x00007ffbb52b1000 	C:\WINDOWS\system32\dcomp.dll
0x00007ffbb2700000 - 0x00007ffbb29a3000 	C:\WINDOWS\system32\d3d11.dll
0x00007ffbb2660000 - 0x00007ffbb26fc000 	C:\WINDOWS\system32\dxgi.dll
0x00007ffbb4940000 - 0x00007ffbb4a2e000 	C:\WINDOWS\system32\twinapi.appcore.dll
0x000000006aeb0000 - 0x000000006aeca000 	C:\Program Files\Java\jre1.8.0_65\bin\net.dll
0x0000000180000000 - 0x000000018006d000 	C:\Windows\system32\LavasoftTcpService64.dll
0x00007ffbb6290000 - 0x00007ffbb62ed000 	C:\WINDOWS\SYSTEM32\MSWSOCK.dll
0x00007ffbb5840000 - 0x00007ffbb5878000 	C:\WINDOWS\SYSTEM32\IPHLPAPI.DLL
0x00007ffbb5830000 - 0x00007ffbb583b000 	C:\WINDOWS\SYSTEM32\WINNSI.DLL
0x00007ffbb6030000 - 0x00007ffbb60d8000 	C:\WINDOWS\SYSTEM32\DNSAPI.dll
0x00007ffbac270000 - 0x00007ffbac27a000 	C:\Windows\System32\rasadhlp.dll
0x00007ffbade20000 - 0x00007ffbade88000 	C:\WINDOWS\System32\fwpuclnt.dll
0x00007ffbaddf0000 - 0x00007ffbade06000 	C:\WINDOWS\SYSTEM32\dhcpcsvc6.DLL
0x00007ffbae760000 - 0x00007ffbae77a000 	C:\WINDOWS\SYSTEM32\dhcpcsvc.DLL
0x000000006ae90000 - 0x000000006aea1000 	C:\Program Files\Java\jre1.8.0_65\bin\nio.dll
0x00007ffb923e0000 - 0x00007ffb9256a000 	C:\WINDOWS\SYSTEM32\dbghelp.dll

VM Arguments:
jvm_args: -Dfile.encoding=Cp1252 
java_command: totalcross.Launcher /scr android /r 5443535427A04F185BE3C545 app.ui.App
java_class_path (initial): C:\Users\Anderson Gomes\workspace\app\bin;C:\TotalCross3\dist\tc.jar
Launcher Type: SUN_STANDARD

Environment Variables:
JAVA_HOME=C:\Program Files\Java\jdk1.8.0_45
CLASSPATH=;C:\Program Files\Java\jdk1.8.0_45\lib;C:\Program Files\Java\jdk1.8.0_45\lib\tools.jar;C:\Program Files\Java\jdk1.8.0_45\lib\dt.jar;C:\Program Files\Java\jdk1.8.0_45\lib\htmlconverter.jar;C:\Program Files\Java\jdk1.8.0_45\jre\lib;C:\Program Files\Java\jdk1.8.0_45\jre\lib\rt.jar;
PATH=C:/Program Files/Java/jre1.8.0_65/bin/server;C:/Program Files/Java/jre1.8.0_65/bin;C:/Program Files/Java/jre1.8.0_65/lib/amd64;C:\ProgramData\Oracle\Java\javapath;C:\Program Files (x86)\Intel\iCLS Client\;C:\Program Files\Intel\iCLS Client\;C:\Windows\system32;C:\Windows;C:\Windows\System32\Wbem;C:\Windows\System32\WindowsPowerShell\v1.0\;C:\Program Files\Intel\Intel(R) Management Engine Components\DAL;C:\Program Files\Intel\Intel(R) Management Engine Components\IPT;C:\Program Files (x86)\Intel\Intel(R) Management Engine Components\DAL;C:\Program Files (x86)\Intel\Intel(R) Management Engine Components\IPT;C:\Program Files\Java\jdk1.8.0_45\bin;C:\Program Files (x86)\NVIDIA Corporation\PhysX\Common;C:\WINDOWS\system32;C:\WINDOWS;C:\WINDOWS\System32\Wbem;C:\WINDOWS\System32\WindowsPowerShell\v1.0\;C:\AppServ\Apache2.2\bin;C:\AppServ\php5;C:\AppServ\MySQL\bin;C:\WINDOWS\system32\config\systemprofile\.dnx\bin;C:\Program Files\Microsoft DNX\Dnvm\;C:\Program Files (x86)\Windows Kits\8.1\Windows Performance Toolkit\;c:\TotalCross3\dist\vm\win32;C:\Program Files\eclipse;
USERNAME=Anderson Gomes
OS=Windows_NT
PROCESSOR_IDENTIFIER=Intel64 Family 6 Model 69 Stepping 1, GenuineIntel



---------------  S Y S T E M  ---------------

OS: Windows 10.0 , 64 bit Build 10240 (10.0.10240.16384)

CPU:total 4 (2 cores per cpu, 2 threads per core) family 6 model 69 stepping 1, cmov, cx8, fxsr, mmx, sse, sse2, sse3, ssse3, sse4.1, sse4.2, popcnt, avx, avx2, aes, clmul, erms, lzcnt, ht, tsc, tscinvbit, bmi1, bmi2

Memory: 4k page, physical 6172092k(3094936k free), swap 7155132k(3175664k free)

vm_info: Java HotSpot(TM) 64-Bit Server VM (25.65-b01) for windows-amd64 JRE (1.8.0_65-b17), built on Oct  6 2015 16:39:20 by "java_re" with MS VC++ 10.0 (VS2010)

time: Thu Oct 29 00:17:30 2015
elapsed time: 57 seconds (0d 0h 0m 57s)

