#
# A fatal error has been detected by the Java Runtime Environment:
#
#  EXCEPTION_ACCESS_VIOLATION (0xc0000005) at pc=0x000000001a232be0, pid=8912, tid=5268
#
# JRE version: Java(TM) SE Runtime Environment (8.0_65-b17) (build 1.8.0_65-b17)
# Java VM: Java HotSpot(TM) 64-Bit Server VM (25.65-b01 mixed mode windows-amd64 compressed oops)
# Problematic frame:
# C  0x000000001a232be0
#
# Failed to write core dump. Minidumps are not enabled by default on client versions of Windows
#
# If you would like to submit a bug report, please visit:
#   http://bugreport.java.com/bugreport/crash.jsp
# The crash happened outside the Java Virtual Machine in native code.
# See problematic frame for where to report the bug.
#

---------------  T H R E A D  ---------------

Current thread (0x000000001a677000):  JavaThread "Secondary finalizer" [_thread_in_native, id=5268, stack(0x0000000018640000,0x0000000018740000)]

siginfo: ExceptionCode=0xc0000005, ExceptionInformation=0x0000000000000008 0x000000001a232be0

Registers:
RAX=0x000000001a232be0, RBX=0x000000001b6f4a78, RCX=0x000000001a6771f8, RDX=0x000000001873ef40
RSP=0x000000001873ee98, RBP=0x000000001873ef20, RSI=0x0000000011000030, RDI=0x000000000005b460
R8 =0x0000000000000005, R9 =0x00000000e218d898, R10=0x000000000341690b, R11=0x000000006b149450
R12=0x0000000000000000, R13=0x000000001b6f4a78, R14=0x000000001873ef40, R15=0x000000001a677000
RIP=0x000000001a232be0, EFLAGS=0x0000000000010287

Top of Stack: (sp=0x000000001873ee98)
0x000000001873ee98:   0000000003416937 0000000015c046f0
0x000000001873eea8:   0000000000000000 0000000015c039a8
0x000000001873eeb8:   0000000000000000 000000001873eed8
0x000000001873eec8:   000000001873ef30 0000000000000000
0x000000001873eed8:   00000000e218d898 000000001873eed0
0x000000001873eee8:   0000000000000000 000000001873ef40
0x000000001873eef8:   000000001b720060 0000000000000000
0x000000001873ef08:   000000001b6f4a78 0000000000000000
0x000000001873ef18:   000000001873ef40 000000001873efa8
0x000000001873ef28:   0000000003407ced 0000000000000000
0x000000001873ef38:   000000000340f978 00000000e218d898
0x000000001873ef48:   00000000e218d8d0 0000000000000000
0x000000001873ef58:   0000000000000009 00000000e218d898
0x000000001873ef68:   000000001873ef48 000000001b6ef7c6
0x000000001873ef78:   000000001873efe0 000000001b71f870
0x000000001873ef88:   0000000000000000 000000001b6ef860 

Instructions: (pc=0x000000001a232be0)
0x000000001a232bc0:   
[error occurred during error reporting (printing registers, top of stack, instructions near pc), id 0xc0000005]

Register to memory mapping:

RAX=0x000000001a232be0 is an unknown value
RBX={method} {0x000000001b6f4a80} 'free_functions' '()V' in 'org/sqlite/core/NativeDB'
RCX=0x000000001a6771f8 is an unknown value
RDX=0x000000001873ef40 is pointing into the stack for thread: 0x000000001a677000
RSP=0x000000001873ee98 is pointing into the stack for thread: 0x000000001a677000
RBP=0x000000001873ef20 is pointing into the stack for thread: 0x000000001a677000
RSI=0x0000000011000030 is an unknown value
RDI=0x000000000005b460 is an unknown value
R8 =0x0000000000000005 is an unknown value
R9 =0x00000000e218d898 is an oop
org.sqlite.core.NativeDB 
 - klass: 'org/sqlite/core/NativeDB'
R10=0x000000000341690b is at code_begin+1227 in an Interpreter codelet
method entry point (kind = native_synchronized)  [0x0000000003416440, 0x0000000003416f20]  2784 bytes
R11=0x000000006b149450 is an unknown value
R12=0x0000000000000000 is an unknown value
R13={method} {0x000000001b6f4a80} 'free_functions' '()V' in 'org/sqlite/core/NativeDB'
R14=0x000000001873ef40 is pointing into the stack for thread: 0x000000001a677000
R15=0x000000001a677000 is a thread


Stack: [0x0000000018640000,0x0000000018740000],  sp=0x000000001873ee98,  free space=1019k
Native frames: (J=compiled Java code, j=interpreted, Vv=VM code, C=native code)
C  0x000000001a232be0

Java frames: (J=compiled Java code, j=interpreted, Vv=VM code)
j  org.sqlite.core.NativeDB.free_functions()V+0
j  org.sqlite.core.DB.close()V+102
j  org.sqlite.core.CoreConnection.close()V+26
j  org.sqlite.core.CoreConnection.finalize()V+1
j  java.lang.System$2.invokeFinalize(Ljava/lang/Object;)V+1
j  java.lang.ref.Finalizer.runFinalizer(Lsun/misc/JavaLangAccess;)V+46
J 998 C1 java.lang.ref.Finalizer.access$100(Ljava/lang/ref/Finalizer;Lsun/misc/JavaLangAccess;)V (6 bytes) @ 0x000000000384b65c [0x000000000384b600+0x5c]
j  java.lang.ref.Finalizer$3.run()V+58
j  java.lang.Thread.run()V+11
v  ~StubRoutines::call_stub

---------------  P R O C E S S  ---------------

Java Threads: ( => current thread )
=>0x000000001a677000 JavaThread "Secondary finalizer" [_thread_in_native, id=5268, stack(0x0000000018640000,0x0000000018740000)]
  0x0000000018b4e000 JavaThread "TC Event Thread" daemon [_thread_blocked, id=856, stack(0x000000001b800000,0x000000001b900000)]
  0x0000000001572800 JavaThread "DestroyJavaVM" [_thread_blocked, id=6232, stack(0x0000000001470000,0x0000000001570000)]
  0x0000000018808800 JavaThread "AWT-EventQueue-0" [_thread_blocked, id=1248, stack(0x0000000019000000,0x0000000019100000)]
  0x000000001812d800 JavaThread "AWT-Shutdown" [_thread_blocked, id=560, stack(0x0000000018540000,0x0000000018640000)]
  0x000000001812d000 JavaThread "Java2D Disposer" daemon [_thread_blocked, id=5196, stack(0x0000000018440000,0x0000000018540000)]
  0x0000000017d6f000 JavaThread "Service Thread" daemon [_thread_blocked, id=8228, stack(0x0000000018140000,0x0000000018240000)]
  0x00000000163c8800 JavaThread "C1 CompilerThread2" daemon [_thread_blocked, id=3164, stack(0x0000000017c40000,0x0000000017d40000)]
  0x00000000163c2000 JavaThread "C2 CompilerThread1" daemon [_thread_blocked, id=3396, stack(0x0000000017b40000,0x0000000017c40000)]
  0x00000000163bf800 JavaThread "C2 CompilerThread0" daemon [_thread_blocked, id=5900, stack(0x0000000017a40000,0x0000000017b40000)]
  0x00000000163bb000 JavaThread "Attach Listener" daemon [_thread_blocked, id=7244, stack(0x0000000017940000,0x0000000017a40000)]
  0x00000000163ba000 JavaThread "Signal Dispatcher" daemon [_thread_blocked, id=8108, stack(0x0000000017840000,0x0000000017940000)]
  0x0000000001667000 JavaThread "Finalizer" daemon [_thread_blocked, id=6676, stack(0x0000000017640000,0x0000000017740000)]
  0x000000000165e800 JavaThread "Reference Handler" daemon [_thread_blocked, id=4992, stack(0x0000000017540000,0x0000000017640000)]

Other Threads:
  0x0000000016386800 VMThread [stack: 0x0000000017440000,0x0000000017540000] [id=1676]
  0x0000000017d8d000 WatcherThread [stack: 0x0000000018240000,0x0000000018340000] [id=8436]

VM state:not at safepoint (normal execution)

VM Mutex/Monitor currently owned by a thread: None

Heap:
 PSYoungGen      total 28672K, used 10645K [0x00000000e0980000, 0x00000000e2980000, 0x0000000100000000)
  eden space 24576K, 26% used [0x00000000e0980000,0x00000000e0febfc0,0x00000000e2180000)
  from space 4096K, 99% used [0x00000000e2180000,0x00000000e2579788,0x00000000e2580000)
  to   space 4096K, 0% used [0x00000000e2580000,0x00000000e2580000,0x00000000e2980000)
 ParOldGen       total 65536K, used 4706K [0x00000000a1c00000, 0x00000000a5c00000, 0x00000000e0980000)
  object space 65536K, 7% used [0x00000000a1c00000,0x00000000a2098a20,0x00000000a5c00000)
 Metaspace       used 11772K, capacity 12014K, committed 12160K, reserved 1060864K
  class space    used 1299K, capacity 1376K, committed 1408K, reserved 1048576K

Card table byte_map: [0x0000000001a30000,0x0000000001d30000] byte_map_base: 0x0000000001522000

Marking Bits: (ParMarkBitMap*) 0x000000006b72a5b0
 Begin Bits: [0x0000000012800000, 0x0000000013f90000)
 End Bits:   [0x0000000013f90000, 0x0000000015720000)

Polling page: 0x0000000001270000

CodeCache: size=245760Kb used=4397Kb max_used=4399Kb free=241362Kb
 bounds [0x0000000003400000, 0x0000000003850000, 0x0000000012400000]
 total_blobs=1484 nmethods=1002 adapters=395
 compilation: enabled

Compilation events (10 events):
Event: 23.718 Thread 0x00000000163c2000  995       4       totalcross.ui.gfx.Graphics::translateAndClip (200 bytes)
Event: 23.719 Thread 0x00000000163c8800 nmethod 994 0x000000000384a750 code [0x000000000384a8c0, 0x000000000384ab50]
Event: 23.722 Thread 0x00000000163bf800  996       4       totalcross.ui.Control::contains (48 bytes)
Event: 23.724 Thread 0x00000000163bf800 nmethod 996 0x00000000037e2ad0 code [0x00000000037e2c00, 0x00000000037e2c98]
Event: 23.725 Thread 0x00000000163c2000 nmethod 995 0x000000000384be90 code [0x000000000384bfe0, 0x000000000384c1f8]
Event: 24.141 Thread 0x00000000163c8800  997       3       java.io.File::<init> (47 bytes)
Event: 24.143 Thread 0x00000000163c8800 nmethod 997 0x000000000384b810 code [0x000000000384b9a0, 0x000000000384bd28]
Event: 24.251 Thread 0x00000000163c8800  998       3       java.lang.ref.Finalizer::access$100 (6 bytes)
Event: 24.251 Thread 0x00000000163c8800 nmethod 998 0x000000000384b490 code [0x000000000384b600, 0x000000000384b768]
Event: 24.251 Thread 0x00000000163c8800  999   !   3       java.lang.ref.Finalizer::runFinalizer (62 bytes)

GC Heap History (2 events):
Event: 12.688 GC heap before
{Heap before GC invocations=1 (full 0):
 PSYoungGen      total 28672K, used 24576K [0x00000000e0980000, 0x00000000e2980000, 0x0000000100000000)
  eden space 24576K, 100% used [0x00000000e0980000,0x00000000e2180000,0x00000000e2180000)
  from space 4096K, 0% used [0x00000000e2580000,0x00000000e2580000,0x00000000e2980000)
  to   space 4096K, 0% used [0x00000000e2180000,0x00000000e2180000,0x00000000e2580000)
 ParOldGen       total 65536K, used 0K [0x00000000a1c00000, 0x00000000a5c00000, 0x00000000e0980000)
  object space 65536K, 0% used [0x00000000a1c00000,0x00000000a1c00000,0x00000000a5c00000)
 Metaspace       used 11042K, capacity 11302K, committed 11648K, reserved 1058816K
  class space    used 1246K, capacity 1312K, committed 1408K, reserved 1048576K
Event: 12.701 GC heap after
Heap after GC invocations=1 (full 0):
 PSYoungGen      total 28672K, used 4069K [0x00000000e0980000, 0x00000000e2980000, 0x0000000100000000)
  eden space 24576K, 0% used [0x00000000e0980000,0x00000000e0980000,0x00000000e2180000)
  from space 4096K, 99% used [0x00000000e2180000,0x00000000e2579788,0x00000000e2580000)
  to   space 4096K, 0% used [0x00000000e2580000,0x00000000e2580000,0x00000000e2980000)
 ParOldGen       total 65536K, used 4706K [0x00000000a1c00000, 0x00000000a5c00000, 0x00000000e0980000)
  object space 65536K, 7% used [0x00000000a1c00000,0x00000000a2098a20,0x00000000a5c00000)
 Metaspace       used 11042K, capacity 11302K, committed 11648K, reserved 1058816K
  class space    used 1246K, capacity 1312K, committed 1408K, reserved 1048576K
}

Deoptimization events (10 events):
Event: 1.634 Thread 0x0000000018b4e000 Uncommon trap: reason=unstable_if action=reinterpret pc=0x0000000003639f14 method=java.lang.AbstractStringBuilder.append(Ljava/lang/String;)Ljava/lang/AbstractStringBuilder; @ 1
Event: 12.323 Thread 0x0000000018b4e000 Uncommon trap: reason=unstable_if action=reinterpret pc=0x00000000036fcc64 method=java.lang.String.indexOf([CII[CIII)I @ 3
Event: 12.604 Thread 0x0000000018b4e000 Uncommon trap: reason=unstable_if action=reinterpret pc=0x000000000371ee84 method=org.sqlite.SQLiteJDBCLoader.contentsEquals(Ljava/io/InputStream;Ljava/io/InputStream;)Z @ 39
Event: 12.731 Thread 0x0000000018b4e000 Uncommon trap: reason=unstable_if action=reinterpret pc=0x00000000036d2cbc method=totalcross.ui.gfx.Graphics.drawText(Ljava/lang/String;III)V @ 1239
Event: 12.733 Thread 0x0000000018b4e000 Uncommon trap: reason=unstable_if action=reinterpret pc=0x00000000036c9800 method=totalcross.ui.gfx.Graphics.drawText(Ljava/lang/String;III)V @ 1239
Event: 21.735 Thread 0x0000000018b4e000 Uncommon trap: reason=unstable_if action=reinterpret pc=0x00000000037af8dc method=totalcross.ui.gfx.Graphics.fillRect(IIII)V @ 200
Event: 21.779 Thread 0x0000000018b4e000 Uncommon trap: reason=unstable_if action=reinterpret pc=0x00000000037bed88 method=totalcross.ui.gfx.Graphics.drawText(Ljava/lang/String;III)V @ 524
Event: 22.798 Thread 0x0000000018b4e000 Uncommon trap: reason=unstable_if action=reinterpret pc=0x000000000381e8ec method=totalcross.ui.gfx.Graphics.fadeScreen(I)V @ 23
Event: 22.803 Thread 0x0000000018b4e000 Uncommon trap: reason=unstable_if action=reinterpret pc=0x00000000037b4e54 method=totalcross.ui.gfx.Graphics.drawText(Ljava/lang/String;III)V @ 524
Event: 23.204 Thread 0x0000000018b4e000 Uncommon trap: reason=unstable_if action=reinterpret pc=0x0000000003801d74 method=totalcross.ui.image.Image.applyFade(I)V @ 22

Internal exceptions (10 events):
Event: 22.327 Thread 0x00000000188eb800 Exception <a 'java/lang/InterruptedException': sleep interrupted> (0x00000000e09a1bd0) thrown at [C:\workspace\8-2-build-windows-amd64-cygwin\jdk8u65\4987\hotspot\src\share\vm\prims\jvm.cpp, line 3215]
Event: 22.327 Thread 0x00000000188eb800 Exception <a 'java/lang/InterruptedException': sleep interrupted> (0x00000000e09a1e28) thrown at [C:\workspace\8-2-build-windows-amd64-cygwin\jdk8u65\4987\hotspot\src\share\vm\prims\jvm.cpp, line 3215]
Event: 22.327 Thread 0x00000000188eb800 Exception <a 'java/lang/InterruptedException': sleep interrupted> (0x00000000e09a2080) thrown at [C:\workspace\8-2-build-windows-amd64-cygwin\jdk8u65\4987\hotspot\src\share\vm\prims\jvm.cpp, line 3215]
Event: 22.796 Thread 0x00000000188eb800 Exception <a 'java/lang/InterruptedException': sleep interrupted> (0x00000000e09a2330) thrown at [C:\workspace\8-2-build-windows-amd64-cygwin\jdk8u65\4987\hotspot\src\share\vm\prims\jvm.cpp, line 3215]
Event: 23.208 Thread 0x00000000188eb800 Exception <a 'java/lang/InterruptedException': sleep interrupted> (0x00000000e09a2588) thrown at [C:\workspace\8-2-build-windows-amd64-cygwin\jdk8u65\4987\hotspot\src\share\vm\prims\jvm.cpp, line 3215]
Event: 23.722 Thread 0x00000000188eb800 Exception <a 'java/lang/InterruptedException': sleep interrupted> (0x00000000e09a3910) thrown at [C:\workspace\8-2-build-windows-amd64-cygwin\jdk8u65\4987\hotspot\src\share\vm\prims\jvm.cpp, line 3215]
Event: 24.142 Thread 0x0000000018b4e000 Exception <a 'java/io/FileNotFoundException'> (0x00000000e0f6ede8) thrown at [C:\workspace\8-2-build-windows-amd64-cygwin\jdk8u65\4987\hotspot\src\share\vm\prims\jni.cpp, line 709]
Event: 24.142 Thread 0x0000000018b4e000 Exception <a 'java/io/FileNotFoundException'> (0x00000000e0f6fa78) thrown at [C:\workspace\8-2-build-windows-amd64-cygwin\jdk8u65\4987\hotspot\src\share\vm\prims\jni.cpp, line 709]
Event: 24.142 Thread 0x0000000018b4e000 Exception <a 'java/io/FileNotFoundException'> (0x00000000e0f70a38) thrown at [C:\workspace\8-2-build-windows-amd64-cygwin\jdk8u65\4987\hotspot\src\share\vm\prims\jni.cpp, line 709]
Event: 24.144 Thread 0x00000000188eb800 Exception <a 'java/lang/InterruptedException': sleep interrupted> (0x00000000e09a4980) thrown at [C:\workspace\8-2-build-windows-amd64-cygwin\jdk8u65\4987\hotspot\src\share\vm\prims\jvm.cpp, line 3215]

Events (10 events):
Event: 24.252 Executing VM operation: RevokeBias
Event: 24.252 Executing VM operation: RevokeBias done
Event: 24.252 Executing VM operation: RevokeBias
Event: 24.253 Executing VM operation: RevokeBias done
Event: 24.253 Executing VM operation: RevokeBias
Event: 24.253 Executing VM operation: RevokeBias done
Event: 24.253 Executing VM operation: RevokeBias
Event: 24.253 Executing VM operation: RevokeBias done
Event: 24.254 Executing VM operation: RevokeBias
Event: 24.254 Executing VM operation: RevokeBias done


Dynamic libraries:
0x00007ff68c330000 - 0x00007ff68c367000 	C:\Program Files\Java\jre1.8.0_65\bin\javaw.exe
0x00007ffbba050000 - 0x00007ffbba211000 	C:\WINDOWS\SYSTEM32\ntdll.dll
0x00007ffbb9890000 - 0x00007ffbb993d000 	C:\WINDOWS\system32\KERNEL32.DLL
0x00007ffbb72c0000 - 0x00007ffbb749d000 	C:\WINDOWS\system32\KERNELBASE.dll
0x00007ffbb53d0000 - 0x00007ffbb5448000 	C:\WINDOWS\system32\apphelp.dll
0x00007ffba6d30000 - 0x00007ffba6d83000 	C:\WINDOWS\AppPatch\AppPatch64\AcGenral.DLL
0x00007ffbb9230000 - 0x00007ffbb92cd000 	C:\WINDOWS\system32\msvcrt.dll
0x00007ffbb9940000 - 0x00007ffbb999b000 	C:\WINDOWS\system32\sechost.dll
0x00007ffbb9460000 - 0x00007ffbb9586000 	C:\WINDOWS\system32\RPCRT4.dll
0x00007ffbb9e20000 - 0x00007ffbb9e71000 	C:\WINDOWS\system32\SHLWAPI.dll
0x00007ffbb9590000 - 0x00007ffbb980c000 	C:\WINDOWS\system32\combase.dll
0x00007ffbb90a0000 - 0x00007ffbb9226000 	C:\WINDOWS\system32\GDI32.dll
0x00007ffbb8f50000 - 0x00007ffbb909e000 	C:\WINDOWS\system32\USER32.dll
0x00007ffbb7720000 - 0x00007ffbb7861000 	C:\WINDOWS\system32\ole32.dll
0x00007ffbb7a20000 - 0x00007ffbb8f42000 	C:\WINDOWS\system32\SHELL32.dll
0x00007ffbb6b20000 - 0x00007ffbb7148000 	C:\WINDOWS\system32\windows.storage.dll
0x00007ffbb9f30000 - 0x00007ffbb9fd6000 	C:\WINDOWS\system32\advapi32.dll
0x00007ffbb6a80000 - 0x00007ffbb6a8f000 	C:\WINDOWS\system32\kernel.appcore.dll
0x00007ffbb7150000 - 0x00007ffbb7203000 	C:\WINDOWS\system32\shcore.dll
0x00007ffbb6a90000 - 0x00007ffbb6ada000 	C:\WINDOWS\system32\powrprof.dll
0x00007ffbb6b00000 - 0x00007ffbb6b13000 	C:\WINDOWS\system32\profapi.dll
0x00007ffbb6640000 - 0x00007ffbb666c000 	C:\WINDOWS\SYSTEM32\SspiCli.dll
0x00007ffbb6120000 - 0x00007ffbb613f000 	C:\WINDOWS\SYSTEM32\USERENV.dll
0x00007ffbb5ce0000 - 0x00007ffbb5cfc000 	C:\WINDOWS\SYSTEM32\MPR.dll
0x00007ffbb9a60000 - 0x00007ffbb9a96000 	C:\WINDOWS\system32\IMM32.DLL
0x00007ffbb92d0000 - 0x00007ffbb942c000 	C:\WINDOWS\system32\MSCTF.dll
0x00007ffbad7a0000 - 0x00007ffbada14000 	C:\WINDOWS\WinSxS\amd64_microsoft.windows.common-controls_6595b64144ccf1df_6.0.10240.16384_none_f41f7b285750ef43\COMCTL32.dll
0x000000006b960000 - 0x000000006ba32000 	C:\Program Files\Java\jre1.8.0_65\bin\msvcr100.dll
0x000000006af20000 - 0x000000006b7a9000 	C:\Program Files\Java\jre1.8.0_65\bin\server\jvm.dll
0x00007ffbb9820000 - 0x00007ffbb9828000 	C:\WINDOWS\system32\PSAPI.DLL
0x00007ffba11a0000 - 0x00007ffba11a9000 	C:\WINDOWS\SYSTEM32\WSOCK32.dll
0x00007ffbb50e0000 - 0x00007ffbb5103000 	C:\WINDOWS\SYSTEM32\WINMM.dll
0x00007ffbb9fe0000 - 0x00007ffbba049000 	C:\WINDOWS\system32\WS2_32.dll
0x00007ffbb5820000 - 0x00007ffbb582a000 	C:\WINDOWS\SYSTEM32\VERSION.dll
0x00007ffbb9450000 - 0x00007ffbb9458000 	C:\WINDOWS\system32\NSI.dll
0x00007ffbb50b0000 - 0x00007ffbb50dc000 	C:\WINDOWS\SYSTEM32\winmmbase.dll
0x00007ffbb76d0000 - 0x00007ffbb7714000 	C:\WINDOWS\system32\cfgmgr32.dll
0x00007ffbb5050000 - 0x00007ffbb5077000 	C:\WINDOWS\SYSTEM32\DEVOBJ.dll
0x000000006be40000 - 0x000000006be4f000 	C:\Program Files\Java\jre1.8.0_65\bin\verify.dll
0x000000006aef0000 - 0x000000006af19000 	C:\Program Files\Java\jre1.8.0_65\bin\java.dll
0x000000006aed0000 - 0x000000006aee6000 	C:\Program Files\Java\jre1.8.0_65\bin\zip.dll
0x000000006a980000 - 0x000000006ab18000 	C:\Program Files\Java\jre1.8.0_65\bin\awt.dll
0x00007ffbb99a0000 - 0x00007ffbb9a5e000 	C:\WINDOWS\system32\OLEAUT32.dll
0x00007ffbb3960000 - 0x00007ffbb3982000 	C:\WINDOWS\system32\DWMAPI.DLL
0x00007ffbb5470000 - 0x00007ffbb5506000 	C:\WINDOWS\system32\uxtheme.dll
0x00007ffbb68a0000 - 0x00007ffbb690b000 	C:\WINDOWS\SYSTEM32\bcryptPrimitives.dll
0x000000006a930000 - 0x000000006a977000 	C:\Program Files\Java\jre1.8.0_65\bin\fontmanager.dll
0x00007ffba0840000 - 0x00007ffba08db000 	C:\WINDOWS\system32\RICHED20.DLL
0x00007ffba0820000 - 0x00007ffba0838000 	C:\WINDOWS\SYSTEM32\USP10.dll
0x00007ffba07e0000 - 0x00007ffba0818000 	C:\WINDOWS\SYSTEM32\msls31.dll
0x00007ffbb62f0000 - 0x00007ffbb6307000 	C:\WINDOWS\SYSTEM32\cryptsp.dll
0x00007ffbb69b0000 - 0x00007ffbb69d8000 	C:\WINDOWS\SYSTEM32\bcrypt.dll
0x00007ffbb5f40000 - 0x00007ffbb5f73000 	C:\WINDOWS\system32\rsaenh.dll
0x00007ffbb6460000 - 0x00007ffbb646b000 	C:\WINDOWS\SYSTEM32\CRYPTBASE.dll
0x00007ffbb9e80000 - 0x00007ffbb9f25000 	C:\WINDOWS\system32\clbcatq.dll
0x00007ffb9dc10000 - 0x00007ffb9dc56000 	C:\WINDOWS\system32\dataexchange.dll
0x00007ffbb51e0000 - 0x00007ffbb52b1000 	C:\WINDOWS\system32\dcomp.dll
0x00007ffbad250000 - 0x00007ffbad795000 	C:\WINDOWS\system32\d2d1.dll
0x00007ffbb2700000 - 0x00007ffbb29a3000 	C:\WINDOWS\system32\d3d11.dll
0x00007ffbb2660000 - 0x00007ffbb26fc000 	C:\WINDOWS\system32\dxgi.dll
0x00007ffbb4940000 - 0x00007ffbb4a2e000 	C:\WINDOWS\system32\twinapi.appcore.dll
0x000000006aeb0000 - 0x000000006aeca000 	C:\Program Files\Java\jre1.8.0_65\bin\net.dll
0x0000000180000000 - 0x000000018006d000 	C:\Windows\system32\LavasoftTcpService64.dll
0x00007ffbb6290000 - 0x00007ffbb62ed000 	C:\WINDOWS\SYSTEM32\MSWSOCK.dll
0x00007ffbb5840000 - 0x00007ffbb5878000 	C:\WINDOWS\SYSTEM32\IPHLPAPI.DLL
0x00007ffbb5830000 - 0x00007ffbb583b000 	C:\WINDOWS\SYSTEM32\WINNSI.DLL
0x00007ffbb6030000 - 0x00007ffbb60d8000 	C:\WINDOWS\SYSTEM32\DNSAPI.dll
0x00007ffbac270000 - 0x00007ffbac27a000 	C:\Windows\System32\rasadhlp.dll
0x00007ffbade20000 - 0x00007ffbade88000 	C:\WINDOWS\System32\fwpuclnt.dll
0x00007ffbaddf0000 - 0x00007ffbade06000 	C:\WINDOWS\SYSTEM32\dhcpcsvc6.DLL
0x00007ffbae760000 - 0x00007ffbae77a000 	C:\WINDOWS\SYSTEM32\dhcpcsvc.DLL
0x000000006ae90000 - 0x000000006aea1000 	C:\Program Files\Java\jre1.8.0_65\bin\nio.dll
0x00007ffb923e0000 - 0x00007ffb9256a000 	C:\WINDOWS\SYSTEM32\dbghelp.dll

VM Arguments:
jvm_args: -Dfile.encoding=Cp1252 
java_command: totalcross.Launcher /scr android /r 5443535427A04F185BE3C545 app.ui.App
java_class_path (initial): C:\Users\Anderson Gomes\workspace\app\bin;C:\TotalCross3\dist\tc.jar
Launcher Type: SUN_STANDARD

Environment Variables:
JAVA_HOME=C:\Program Files\Java\jdk1.8.0_45
CLASSPATH=;C:\Program Files\Java\jdk1.8.0_45\lib;C:\Program Files\Java\jdk1.8.0_45\lib\tools.jar;C:\Program Files\Java\jdk1.8.0_45\lib\dt.jar;C:\Program Files\Java\jdk1.8.0_45\lib\htmlconverter.jar;C:\Program Files\Java\jdk1.8.0_45\jre\lib;C:\Program Files\Java\jdk1.8.0_45\jre\lib\rt.jar;
PATH=C:/Program Files/Java/jre1.8.0_65/bin/server;C:/Program Files/Java/jre1.8.0_65/bin;C:/Program Files/Java/jre1.8.0_65/lib/amd64;C:\ProgramData\Oracle\Java\javapath;C:\Program Files (x86)\Intel\iCLS Client\;C:\Program Files\Intel\iCLS Client\;C:\Windows\system32;C:\Windows;C:\Windows\System32\Wbem;C:\Windows\System32\WindowsPowerShell\v1.0\;C:\Program Files\Intel\Intel(R) Management Engine Components\DAL;C:\Program Files\Intel\Intel(R) Management Engine Components\IPT;C:\Program Files (x86)\Intel\Intel(R) Management Engine Components\DAL;C:\Program Files (x86)\Intel\Intel(R) Management Engine Components\IPT;C:\Program Files\Java\jdk1.8.0_45\bin;C:\Program Files (x86)\NVIDIA Corporation\PhysX\Common;C:\WINDOWS\system32;C:\WINDOWS;C:\WINDOWS\System32\Wbem;C:\WINDOWS\System32\WindowsPowerShell\v1.0\;C:\AppServ\Apache2.2\bin;C:\AppServ\php5;C:\AppServ\MySQL\bin;C:\WINDOWS\system32\config\systemprofile\.dnx\bin;C:\Program Files\Microsoft DNX\Dnvm\;C:\Program Files (x86)\Windows Kits\8.1\Windows Performance Toolkit\;c:\TotalCross3\dist\vm\win32;C:\Program Files\eclipse;
USERNAME=Anderson Gomes
OS=Windows_NT
PROCESSOR_IDENTIFIER=Intel64 Family 6 Model 69 Stepping 1, GenuineIntel



---------------  S Y S T E M  ---------------

OS: Windows 10.0 , 64 bit Build 10240 (10.0.10240.16384)

CPU:total 4 (2 cores per cpu, 2 threads per core) family 6 model 69 stepping 1, cmov, cx8, fxsr, mmx, sse, sse2, sse3, ssse3, sse4.1, sse4.2, popcnt, avx, avx2, aes, clmul, erms, lzcnt, ht, tsc, tscinvbit, bmi1, bmi2

Memory: 4k page, physical 6172092k(3041124k free), swap 7155132k(3085892k free)

vm_info: Java HotSpot(TM) 64-Bit Server VM (25.65-b01) for windows-amd64 JRE (1.8.0_65-b17), built on Oct  6 2015 16:39:20 by "java_re" with MS VC++ 10.0 (VS2010)

time: Thu Oct 29 00:24:08 2015
elapsed time: 24 seconds (0d 0h 0m 24s)

