#
# A fatal error has been detected by the Java Runtime Environment:
#
#  EXCEPTION_ACCESS_VIOLATION (0xc0000005) at pc=0x000000006be42be0, pid=6544, tid=7908
#
# JRE version: Java(TM) SE Runtime Environment (8.0_65-b17) (build 1.8.0_65-b17)
# Java VM: Java HotSpot(TM) 64-Bit Server VM (25.65-b01 mixed mode windows-amd64 compressed oops)
# Problematic frame:
# C  0x000000006be42be0
#
# Failed to write core dump. Minidumps are not enabled by default on client versions of Windows
#
# If you would like to submit a bug report, please visit:
#   http://bugreport.java.com/bugreport/crash.jsp
# The crash happened outside the Java Virtual Machine in native code.
# See problematic frame for where to report the bug.
#

---------------  T H R E A D  ---------------

Current thread (0x0000000001307000):  JavaThread "Finalizer" daemon [_thread_in_native, id=7908, stack(0x0000000017220000,0x0000000017320000)]

siginfo: ExceptionCode=0xc0000005, ExceptionInformation=0x0000000000000008 0x000000006be42be0

Registers:
RAX=0x000000006be42be0, RBX=0x000000001b276f68, RCX=0x00000000013071f8, RDX=0x000000001731f0c8
RSP=0x000000001731f028, RBP=0x000000001731f0a8, RSI=0x0000000011000030, RDI=0x0000000000037cd0
R8 =0x0000000000000001, R9 =0x00000000a1fe6cb8, R10=0x000000000341690b, R11=0x0000000051329450
R12=0x0000000000000000, R13=0x000000001b276f68, R14=0x000000001731f0c8, R15=0x0000000001307000
RIP=0x000000006be42be0, EFLAGS=0x0000000000010206

Top of Stack: (sp=0x000000001731f028)
0x000000001731f028:   0000000003416937 0000000000000000
0x000000001731f038:   0000000015803c40 0000000000000000
0x000000001731f048:   000000001731f060 000000001731f0b8
0x000000001731f058:   0000000000000000 00000000a1fe6cb8
0x000000001731f068:   000000001731f058 0000000000000000
0x000000001731f078:   000000001731f0c8 000000001b2c2550
0x000000001731f088:   0000000000000000 000000001b276f68
0x000000001731f098:   0000000000000000 000000001731f0c8
0x000000001731f0a8:   000000001731f130 0000000003407ced
0x000000001731f0b8:   0000000000000000 000000000340f978
0x000000001731f0c8:   00000000a1fe6cb8 0000000000000001
0x000000001731f0d8:   0000000000000000 0000000000000001
0x000000001731f0e8:   00000000a1fe6cb8 000000001731f0d0
0x000000001731f0f8:   000000001b271d46 000000001731f168
0x000000001731f108:   000000001b2c1d60 0000000000000000
0x000000001731f118:   000000001b271de0 000000001731f0c8 

Instructions: (pc=0x000000006be42be0)
0x000000006be42bc0:   
[error occurred during error reporting (printing registers, top of stack, instructions near pc), id 0xc0000005]

Register to memory mapping:

RAX=0x000000006be42be0 is an unknown value
RBX={method} {0x000000001b276f70} 'free_functions' '()V' in 'org/sqlite/core/NativeDB'
RCX=0x00000000013071f8 is an unknown value
RDX=0x000000001731f0c8 is pointing into the stack for thread: 0x0000000001307000
RSP=0x000000001731f028 is pointing into the stack for thread: 0x0000000001307000
RBP=0x000000001731f0a8 is pointing into the stack for thread: 0x0000000001307000
RSI=0x0000000011000030 is an unknown value
RDI=0x0000000000037cd0 is an unknown value
R8 =0x0000000000000001 is an unknown value
R9 =0x00000000a1fe6cb8 is an oop
org.sqlite.core.NativeDB 
 - klass: 'org/sqlite/core/NativeDB'
R10=0x000000000341690b is at code_begin+1227 in an Interpreter codelet
method entry point (kind = native_synchronized)  [0x0000000003416440, 0x0000000003416f20]  2784 bytes
R11=0x0000000051329450 is an unknown value
R12=0x0000000000000000 is an unknown value
R13={method} {0x000000001b276f70} 'free_functions' '()V' in 'org/sqlite/core/NativeDB'
R14=0x000000001731f0c8 is pointing into the stack for thread: 0x0000000001307000
R15=0x0000000001307000 is a thread


Stack: [0x0000000017220000,0x0000000017320000],  sp=0x000000001731f028,  free space=1020k
Native frames: (J=compiled Java code, j=interpreted, Vv=VM code, C=native code)
C  0x000000006be42be0

Java frames: (J=compiled Java code, j=interpreted, Vv=VM code)
j  org.sqlite.core.NativeDB.free_functions()V+0
j  org.sqlite.core.DB.close()V+102
j  org.sqlite.core.CoreConnection.close()V+26
j  org.sqlite.core.CoreConnection.finalize()V+1
j  java.lang.System$2.invokeFinalize(Ljava/lang/Object;)V+1
j  java.lang.ref.Finalizer.runFinalizer(Lsun/misc/JavaLangAccess;)V+46
j  java.lang.ref.Finalizer.access$100(Ljava/lang/ref/Finalizer;Lsun/misc/JavaLangAccess;)V+2
j  java.lang.ref.Finalizer$FinalizerThread.run()V+45
v  ~StubRoutines::call_stub

---------------  P R O C E S S  ---------------

Java Threads: ( => current thread )
  0x0000000019b52000 JavaThread "TC Event Thread" daemon [_thread_blocked, id=8672, stack(0x000000001b410000,0x000000001b510000)]
  0x0000000001212800 JavaThread "DestroyJavaVM" [_thread_blocked, id=5780, stack(0x0000000001110000,0x0000000001210000)]
  0x0000000017d0f800 JavaThread "AWT-EventQueue-0" [_thread_blocked, id=3352, stack(0x0000000018410000,0x0000000018510000)]
  0x0000000017ca8800 JavaThread "AWT-Shutdown" [_thread_blocked, id=5304, stack(0x0000000018150000,0x0000000018250000)]
  0x0000000017ca7800 JavaThread "Java2D Disposer" daemon [_thread_blocked, id=6708, stack(0x0000000018020000,0x0000000018120000)]
  0x000000001794f000 JavaThread "Service Thread" daemon [_thread_blocked, id=7220, stack(0x0000000017d20000,0x0000000017e20000)]
  0x0000000015fd0800 JavaThread "C1 CompilerThread2" daemon [_thread_blocked, id=3948, stack(0x0000000017820000,0x0000000017920000)]
  0x0000000015fca000 JavaThread "C2 CompilerThread1" daemon [_thread_blocked, id=8160, stack(0x0000000017720000,0x0000000017820000)]
  0x0000000015fbd800 JavaThread "C2 CompilerThread0" daemon [_thread_blocked, id=2372, stack(0x0000000017620000,0x0000000017720000)]
  0x0000000015fbb800 JavaThread "Attach Listener" daemon [_thread_blocked, id=8156, stack(0x0000000017520000,0x0000000017620000)]
  0x0000000015fba000 JavaThread "Signal Dispatcher" daemon [_thread_blocked, id=6176, stack(0x0000000017420000,0x0000000017520000)]
=>0x0000000001307000 JavaThread "Finalizer" daemon [_thread_in_native, id=7908, stack(0x0000000017220000,0x0000000017320000)]
  0x00000000012fe800 JavaThread "Reference Handler" daemon [_thread_blocked, id=5160, stack(0x0000000017120000,0x0000000017220000)]

Other Threads:
  0x0000000015f86800 VMThread [stack: 0x0000000017020000,0x0000000017120000] [id=6192]
  0x0000000017953800 WatcherThread [stack: 0x0000000017e20000,0x0000000017f20000] [id=1992]

VM state:not at safepoint (normal execution)

VM Mutex/Monitor currently owned by a thread: None

Heap:
 PSYoungGen      total 28672K, used 5307K [0x00000000e0980000, 0x00000000e2980000, 0x0000000100000000)
  eden space 24576K, 5% used [0x00000000e0980000,0x00000000e0ab33a8,0x00000000e2180000)
  from space 4096K, 99% used [0x00000000e2180000,0x00000000e257ba38,0x00000000e2580000)
  to   space 4096K, 0% used [0x00000000e2580000,0x00000000e2580000,0x00000000e2980000)
 ParOldGen       total 65536K, used 5003K [0x00000000a1c00000, 0x00000000a5c00000, 0x00000000e0980000)
  object space 65536K, 7% used [0x00000000a1c00000,0x00000000a20e2dd8,0x00000000a5c00000)
 Metaspace       used 11188K, capacity 11458K, committed 11648K, reserved 1058816K
  class space    used 1264K, capacity 1344K, committed 1408K, reserved 1048576K

Card table byte_map: [0x00000000016d0000,0x00000000019d0000] byte_map_base: 0x00000000011c2000

Marking Bits: (ParMarkBitMap*) 0x000000005190a5b0
 Begin Bits: [0x0000000012400000, 0x0000000013b90000)
 End Bits:   [0x0000000013b90000, 0x0000000015320000)

Polling page: 0x0000000001020000

CodeCache: size=245760Kb used=3468Kb max_used=3468Kb free=242291Kb
 bounds [0x0000000003400000, 0x0000000003770000, 0x0000000012400000]
 total_blobs=1288 nmethods=807 adapters=394
 compilation: enabled

Compilation events (10 events):
Event: 16.204 Thread 0x0000000015fd0800 nmethod 787 0x000000000375dd90 code [0x000000000375e040, 0x000000000375f2d8]
Event: 16.204 Thread 0x0000000015fd0800  785       3       java.util.concurrent.locks.AbstractQueuedSynchronizer::transferForSignal (45 bytes)
Event: 16.205 Thread 0x0000000015fd0800 nmethod 785 0x000000000375fd50 code [0x000000000375fee0, 0x0000000003760398]
Event: 16.793 Thread 0x0000000015fd0800  794       3       java.io.File::<init> (47 bytes)
Event: 16.794 Thread 0x0000000015fd0800 nmethod 794 0x0000000003760550 code [0x00000000037606e0, 0x0000000003760a68]
Event: 16.918 Thread 0x0000000015fd0800  795       3       sun.misc.VM::addFinalRefCount (24 bytes)
Event: 16.919 Thread 0x0000000015fd0800 nmethod 795 0x0000000003760bd0 code [0x0000000003760d20, 0x0000000003760ed0]
Event: 16.919 Thread 0x0000000015fd0800  796       3       java.lang.ref.Reference::access$100 (4 bytes)
Event: 16.920 Thread 0x0000000015fd0800 nmethod 796 0x0000000003760f50 code [0x00000000037610a0, 0x00000000037611d0]
Event: 16.923 Thread 0x0000000015fd0800  797   !   3       java.lang.ref.ReferenceQueue::enqueue (119 bytes)

GC Heap History (2 events):
Event: 16.900 GC heap before
{Heap before GC invocations=1 (full 0):
 PSYoungGen      total 28672K, used 24576K [0x00000000e0980000, 0x00000000e2980000, 0x0000000100000000)
  eden space 24576K, 100% used [0x00000000e0980000,0x00000000e2180000,0x00000000e2180000)
  from space 4096K, 0% used [0x00000000e2580000,0x00000000e2580000,0x00000000e2980000)
  to   space 4096K, 0% used [0x00000000e2180000,0x00000000e2180000,0x00000000e2580000)
 ParOldGen       total 65536K, used 0K [0x00000000a1c00000, 0x00000000a5c00000, 0x00000000e0980000)
  object space 65536K, 0% used [0x00000000a1c00000,0x00000000a1c00000,0x00000000a5c00000)
 Metaspace       used 11182K, capacity 11458K, committed 11648K, reserved 1058816K
  class space    used 1264K, capacity 1344K, committed 1408K, reserved 1048576K
Event: 16.915 GC heap after
Heap after GC invocations=1 (full 0):
 PSYoungGen      total 28672K, used 4078K [0x00000000e0980000, 0x00000000e2980000, 0x0000000100000000)
  eden space 24576K, 0% used [0x00000000e0980000,0x00000000e0980000,0x00000000e2180000)
  from space 4096K, 99% used [0x00000000e2180000,0x00000000e257ba38,0x00000000e2580000)
  to   space 4096K, 0% used [0x00000000e2580000,0x00000000e2580000,0x00000000e2980000)
 ParOldGen       total 65536K, used 5003K [0x00000000a1c00000, 0x00000000a5c00000, 0x00000000e0980000)
  object space 65536K, 7% used [0x00000000a1c00000,0x00000000a20e2dd8,0x00000000a5c00000)
 Metaspace       used 11182K, capacity 11458K, committed 11648K, reserved 1058816K
  class space    used 1264K, capacity 1344K, committed 1408K, reserved 1048576K
}

Deoptimization events (5 events):
Event: 1.028 Thread 0x0000000001212800 Uncommon trap: reason=unstable_if action=reinterpret pc=0x00000000035c32e8 method=java.lang.String.indexOf([CII[CIII)I @ 134
Event: 2.237 Thread 0x0000000019b52000 Uncommon trap: reason=unstable_if action=reinterpret pc=0x000000000367f5c4 method=org.sqlite.SQLiteJDBCLoader.contentsEquals(Ljava/io/InputStream;Ljava/io/InputStream;)Z @ 39
Event: 2.380 Thread 0x0000000019b52000 Uncommon trap: reason=unstable_if action=reinterpret pc=0x00000000035ca7e8 method=java.lang.String.startsWith(Ljava/lang/String;I)Z @ 25
Event: 6.594 Thread 0x0000000019b52000 Uncommon trap: reason=unstable_if action=reinterpret pc=0x00000000036e2cfc method=totalcross.ui.gfx.Graphics.drawText(Ljava/lang/String;III)V @ 1239
Event: 6.596 Thread 0x0000000019b52000 Uncommon trap: reason=unstable_if action=reinterpret pc=0x00000000036d9884 method=totalcross.ui.gfx.Graphics.drawText(Ljava/lang/String;III)V @ 1239

Internal exceptions (10 events):
Event: 5.155 Thread 0x0000000019605800 Exception <a 'java/lang/InterruptedException': sleep interrupted> (0x00000000e1dbcea8) thrown at [C:\workspace\8-2-build-windows-amd64-cygwin\jdk8u65\4987\hotspot\src\share\vm\prims\jvm.cpp, line 3215]
Event: 5.505 Thread 0x0000000019605800 Exception <a 'java/lang/InterruptedException': sleep interrupted> (0x00000000e1dbd158) thrown at [C:\workspace\8-2-build-windows-amd64-cygwin\jdk8u65\4987\hotspot\src\share\vm\prims\jvm.cpp, line 3215]
Event: 5.855 Thread 0x0000000019605800 Exception <a 'java/lang/InterruptedException': sleep interrupted> (0x00000000e1dbd408) thrown at [C:\workspace\8-2-build-windows-amd64-cygwin\jdk8u65\4987\hotspot\src\share\vm\prims\jvm.cpp, line 3215]
Event: 6.205 Thread 0x0000000019605800 Exception <a 'java/lang/InterruptedException': sleep interrupted> (0x00000000e1dbd6b8) thrown at [C:\workspace\8-2-build-windows-amd64-cygwin\jdk8u65\4987\hotspot\src\share\vm\prims\jvm.cpp, line 3215]
Event: 6.493 Thread 0x0000000019605800 Exception <a 'java/lang/InterruptedException': sleep interrupted> (0x00000000e1dbd910) thrown at [C:\workspace\8-2-build-windows-amd64-cygwin\jdk8u65\4987\hotspot\src\share\vm\prims\jvm.cpp, line 3215]
Event: 6.503 Thread 0x0000000019605800 Exception <a 'java/lang/InterruptedException': sleep interrupted> (0x00000000e1dbdbc0) thrown at [C:\workspace\8-2-build-windows-amd64-cygwin\jdk8u65\4987\hotspot\src\share\vm\prims\jvm.cpp, line 3215]
Event: 16.793 Thread 0x0000000019b52000 Exception <a 'java/io/FileNotFoundException'> (0x00000000e2057d98) thrown at [C:\workspace\8-2-build-windows-amd64-cygwin\jdk8u65\4987\hotspot\src\share\vm\prims\jni.cpp, line 709]
Event: 16.793 Thread 0x0000000019b52000 Exception <a 'java/io/FileNotFoundException'> (0x00000000e2058840) thrown at [C:\workspace\8-2-build-windows-amd64-cygwin\jdk8u65\4987\hotspot\src\share\vm\prims\jni.cpp, line 709]
Event: 16.793 Thread 0x0000000019b52000 Exception <a 'java/io/FileNotFoundException'> (0x00000000e2059618) thrown at [C:\workspace\8-2-build-windows-amd64-cygwin\jdk8u65\4987\hotspot\src\share\vm\prims\jni.cpp, line 709]
Event: 16.794 Thread 0x0000000019605800 Exception <a 'java/lang/InterruptedException': sleep interrupted> (0x00000000e1dd3370) thrown at [C:\workspace\8-2-build-windows-amd64-cygwin\jdk8u65\4987\hotspot\src\share\vm\prims\jvm.cpp, line 3215]

Events (10 events):
Event: 16.922 Executing VM operation: RevokeBias
Event: 16.922 Executing VM operation: RevokeBias done
Event: 16.922 Executing VM operation: RevokeBias
Event: 16.922 Executing VM operation: RevokeBias done
Event: 16.922 Executing VM operation: RevokeBias
Event: 16.922 Executing VM operation: RevokeBias done
Event: 16.922 Executing VM operation: RevokeBias
Event: 16.922 Executing VM operation: RevokeBias done
Event: 16.922 Executing VM operation: RevokeBias
Event: 16.923 Executing VM operation: RevokeBias done


Dynamic libraries:
0x00007ff74b200000 - 0x00007ff74b237000 	C:\Program Files\Java\jre1.8.0_65\bin\javaw.exe
0x00007ffb26b40000 - 0x00007ffb26d01000 	C:\WINDOWS\SYSTEM32\ntdll.dll
0x00007ffb26a10000 - 0x00007ffb26abd000 	C:\WINDOWS\system32\KERNEL32.DLL
0x00007ffb24030000 - 0x00007ffb2420d000 	C:\WINDOWS\system32\KERNELBASE.dll
0x00007ffb24fe0000 - 0x00007ffb25086000 	C:\WINDOWS\system32\ADVAPI32.dll
0x00007ffb24810000 - 0x00007ffb248ad000 	C:\WINDOWS\system32\msvcrt.dll
0x00007ffb24a80000 - 0x00007ffb24adb000 	C:\WINDOWS\system32\sechost.dll
0x00007ffb242a0000 - 0x00007ffb243c6000 	C:\WINDOWS\system32\RPCRT4.dll
0x00007ffb246c0000 - 0x00007ffb2480e000 	C:\WINDOWS\system32\USER32.dll
0x00007ffb24530000 - 0x00007ffb246b6000 	C:\WINDOWS\system32\GDI32.dll
0x00007ffb1a890000 - 0x00007ffb1ab04000 	C:\WINDOWS\WinSxS\amd64_microsoft.windows.common-controls_6595b64144ccf1df_6.0.10240.16384_none_f41f7b285750ef43\COMCTL32.dll
0x00007ffb265d0000 - 0x00007ffb26606000 	C:\WINDOWS\system32\IMM32.DLL
0x00007ffb243d0000 - 0x00007ffb2452c000 	C:\WINDOWS\system32\MSCTF.dll
0x0000000051020000 - 0x00000000510f2000 	C:\Program Files\Java\jre1.8.0_65\bin\msvcr100.dll
0x0000000051100000 - 0x0000000051989000 	C:\Program Files\Java\jre1.8.0_65\bin\server\jvm.dll
0x00007ffb24210000 - 0x00007ffb24218000 	C:\WINDOWS\system32\PSAPI.DLL
0x00007ffb21d60000 - 0x00007ffb21d83000 	C:\WINDOWS\SYSTEM32\WINMM.dll
0x00007ffb22320000 - 0x00007ffb2232a000 	C:\WINDOWS\SYSTEM32\VERSION.dll
0x00007ffb20940000 - 0x00007ffb20949000 	C:\WINDOWS\SYSTEM32\WSOCK32.dll
0x00007ffb21d30000 - 0x00007ffb21d5c000 	C:\WINDOWS\SYSTEM32\WINMMBASE.dll
0x00007ffb24f70000 - 0x00007ffb24fd9000 	C:\WINDOWS\system32\WS2_32.dll
0x00007ffb23fe0000 - 0x00007ffb24024000 	C:\WINDOWS\system32\cfgmgr32.dll
0x00007ffb21fd0000 - 0x00007ffb21ff7000 	C:\WINDOWS\SYSTEM32\DEVOBJ.dll
0x00007ffb24220000 - 0x00007ffb24228000 	C:\WINDOWS\system32\NSI.dll
0x0000000052230000 - 0x000000005223f000 	C:\Program Files\Java\jre1.8.0_65\bin\verify.dll
0x0000000052200000 - 0x0000000052229000 	C:\Program Files\Java\jre1.8.0_65\bin\java.dll
0x00000000521e0000 - 0x00000000521f6000 	C:\Program Files\Java\jre1.8.0_65\bin\zip.dll
0x00007ffb25090000 - 0x00007ffb265b2000 	C:\WINDOWS\system32\SHELL32.dll
0x00007ffb238f0000 - 0x00007ffb23f18000 	C:\WINDOWS\system32\windows.storage.dll
0x00007ffb24ae0000 - 0x00007ffb24d5c000 	C:\WINDOWS\system32\combase.dll
0x00007ffb24970000 - 0x00007ffb249c1000 	C:\WINDOWS\system32\shlwapi.dll
0x00007ffb23590000 - 0x00007ffb2359f000 	C:\WINDOWS\system32\kernel.appcore.dll
0x00007ffb23f20000 - 0x00007ffb23fd3000 	C:\WINDOWS\system32\shcore.dll
0x00007ffb235a0000 - 0x00007ffb235ea000 	C:\WINDOWS\system32\powrprof.dll
0x00007ffb235f0000 - 0x00007ffb23603000 	C:\WINDOWS\system32\profapi.dll
0x0000000050e80000 - 0x0000000051018000 	C:\Program Files\Java\jre1.8.0_65\bin\awt.dll
0x00007ffb248b0000 - 0x00007ffb2496e000 	C:\WINDOWS\system32\OLEAUT32.dll
0x00007ffb21e90000 - 0x00007ffb21f08000 	C:\WINDOWS\system32\apphelp.dll
0x00007ffb20450000 - 0x00007ffb20472000 	C:\WINDOWS\system32\DWMAPI.DLL
0x00007ffb21f30000 - 0x00007ffb21fc6000 	C:\WINDOWS\system32\uxtheme.dll
0x00007ffb26610000 - 0x00007ffb26751000 	C:\WINDOWS\system32\ole32.dll
0x00007ffb23390000 - 0x00007ffb233fb000 	C:\WINDOWS\SYSTEM32\bcryptPrimitives.dll
0x0000000052100000 - 0x0000000052147000 	C:\Program Files\Java\jre1.8.0_65\bin\fontmanager.dll
0x00007ffb0c840000 - 0x00007ffb0c8db000 	C:\WINDOWS\system32\RICHED20.DLL
0x00007ffb0be60000 - 0x00007ffb0be98000 	C:\WINDOWS\SYSTEM32\msls31.dll
0x00007ffb0da00000 - 0x00007ffb0da18000 	C:\WINDOWS\SYSTEM32\USP10.dll
0x00007ffb22de0000 - 0x00007ffb22df7000 	C:\WINDOWS\SYSTEM32\cryptsp.dll
0x00007ffb234a0000 - 0x00007ffb234c8000 	C:\WINDOWS\SYSTEM32\bcrypt.dll
0x00007ffb22a30000 - 0x00007ffb22a63000 	C:\WINDOWS\system32\rsaenh.dll
0x00007ffb22f50000 - 0x00007ffb22f5b000 	C:\WINDOWS\SYSTEM32\CRYPTBASE.dll
0x00007ffb249d0000 - 0x00007ffb24a75000 	C:\WINDOWS\system32\clbcatq.dll
0x00007ffb12f00000 - 0x00007ffb12f46000 	C:\WINDOWS\system32\dataexchange.dll
0x00007ffb21a50000 - 0x00007ffb21b21000 	C:\WINDOWS\system32\dcomp.dll
0x00007ffb1f850000 - 0x00007ffb1faf3000 	C:\WINDOWS\system32\d3d11.dll
0x00007ffb1b850000 - 0x00007ffb1bd95000 	C:\WINDOWS\system32\d2d1.dll
0x00007ffb1f7b0000 - 0x00007ffb1f84c000 	C:\WINDOWS\system32\dxgi.dll
0x00007ffb21430000 - 0x00007ffb2151e000 	C:\WINDOWS\system32\twinapi.appcore.dll
0x00007ffb22c10000 - 0x00007ffb22c2f000 	C:\WINDOWS\system32\USERENV.dll
0x00000000521c0000 - 0x00000000521da000 	C:\Program Files\Java\jre1.8.0_65\bin\net.dll
0x0000000180000000 - 0x000000018006d000 	C:\Windows\system32\LavasoftTcpService64.dll
0x00007ffb22d80000 - 0x00007ffb22ddd000 	C:\WINDOWS\SYSTEM32\MSWSOCK.dll
0x00007ffb22330000 - 0x00007ffb22368000 	C:\WINDOWS\SYSTEM32\IPHLPAPI.DLL
0x00007ffb22310000 - 0x00007ffb2231b000 	C:\WINDOWS\SYSTEM32\WINNSI.DLL
0x00007ffb23130000 - 0x00007ffb2315c000 	C:\WINDOWS\SYSTEM32\SspiCli.dll
0x00007ffb22b20000 - 0x00007ffb22bc8000 	C:\WINDOWS\SYSTEM32\DNSAPI.dll
0x00007ffb196c0000 - 0x00007ffb196ca000 	C:\Windows\System32\rasadhlp.dll
0x00007ffb1a3a0000 - 0x00007ffb1a408000 	C:\WINDOWS\System32\fwpuclnt.dll
0x00007ffb1a380000 - 0x00007ffb1a396000 	C:\WINDOWS\SYSTEM32\dhcpcsvc6.DLL
0x00007ffb1a360000 - 0x00007ffb1a37a000 	C:\WINDOWS\SYSTEM32\dhcpcsvc.DLL
0x00000000521a0000 - 0x00000000521b1000 	C:\Program Files\Java\jre1.8.0_65\bin\nio.dll
0x00007ffb06320000 - 0x00007ffb064aa000 	C:\WINDOWS\SYSTEM32\dbghelp.dll

VM Arguments:
jvm_args: -Dfile.encoding=Cp1252 
java_command: totalcross.Launcher /scr android /r 5443535427A04F185BE3C545 app.ui.App
java_class_path (initial): C:\Users\Anderson Gomes\workspace\app\bin;C:\TotalCross3\dist\tc.jar
Launcher Type: SUN_STANDARD

Environment Variables:
JAVA_HOME=C:\Program Files\Java\jdk1.8.0_45
CLASSPATH=;C:\Program Files\Java\jdk1.8.0_45\lib;C:\Program Files\Java\jdk1.8.0_45\lib\tools.jar;C:\Program Files\Java\jdk1.8.0_45\lib\dt.jar;C:\Program Files\Java\jdk1.8.0_45\lib\htmlconverter.jar;C:\Program Files\Java\jdk1.8.0_45\jre\lib;C:\Program Files\Java\jdk1.8.0_45\jre\lib\rt.jar;
PATH=C:/Program Files/Java/jre1.8.0_65/bin/server;C:/Program Files/Java/jre1.8.0_65/bin;C:/Program Files/Java/jre1.8.0_65/lib/amd64;C:\ProgramData\Oracle\Java\javapath;C:\Program Files (x86)\Intel\iCLS Client\;C:\Program Files\Intel\iCLS Client\;C:\Windows\system32;C:\Windows;C:\Windows\System32\Wbem;C:\Windows\System32\WindowsPowerShell\v1.0\;C:\Program Files\Intel\Intel(R) Management Engine Components\DAL;C:\Program Files\Intel\Intel(R) Management Engine Components\IPT;C:\Program Files (x86)\Intel\Intel(R) Management Engine Components\DAL;C:\Program Files (x86)\Intel\Intel(R) Management Engine Components\IPT;C:\Program Files\Java\jdk1.8.0_45\bin;C:\Program Files (x86)\NVIDIA Corporation\PhysX\Common;C:\WINDOWS\system32;C:\WINDOWS;C:\WINDOWS\System32\Wbem;C:\WINDOWS\System32\WindowsPowerShell\v1.0\;C:\AppServ\Apache2.2\bin;C:\AppServ\php5;C:\AppServ\MySQL\bin;C:\WINDOWS\system32\config\systemprofile\.dnx\bin;C:\Program Files\Microsoft DNX\Dnvm\;C:\Program Files (x86)\Windows Kits\8.1\Windows Performance Toolkit\;c:\TotalCross3\dist\vm\win32;C:\Program Files\eclipse;
USERNAME=Anderson Gomes
OS=Windows_NT
PROCESSOR_IDENTIFIER=Intel64 Family 6 Model 69 Stepping 1, GenuineIntel



---------------  S Y S T E M  ---------------

OS: Windows 10.0 , 64 bit Build 10240 (10.0.10240.16384)

CPU:total 4 (2 cores per cpu, 2 threads per core) family 6 model 69 stepping 1, cmov, cx8, fxsr, mmx, sse, sse2, sse3, ssse3, sse4.1, sse4.2, popcnt, avx, avx2, aes, clmul, erms, lzcnt, ht, tsc, tscinvbit, bmi1, bmi2

Memory: 4k page, physical 6172092k(2983592k free), swap 7155132k(2420068k free)

vm_info: Java HotSpot(TM) 64-Bit Server VM (25.65-b01) for windows-amd64 JRE (1.8.0_65-b17), built on Oct  6 2015 16:39:20 by "java_re" with MS VC++ 10.0 (VS2010)

time: Wed Oct 28 21:11:00 2015
elapsed time: 16 seconds (0d 0h 0m 16s)

